2014-01-03 08:17:16,244 - business.controllers.FriendListController - ERROR - Get friend list: org.apache.thrift.transport.TTransportException
2014-01-03 08:18:35,141 - business.controllers.FriendListController - ERROR - Check friend online: org.apache.thrift.transport.TTransportException: java.net.ConnectException: Connection refused
2014-01-03 08:20:27,587 - business.controllers.FriendListController - ERROR - Check friend online: org.apache.thrift.transport.TTransportException
2014-01-03 08:20:47,575 - business.controllers.FriendListController - ERROR - Check friend online: org.apache.thrift.transport.TTransportException
2014-01-03 08:21:07,576 - business.controllers.FriendListController - ERROR - Check friend online: org.apache.thrift.transport.TTransportException
2014-01-03 08:21:27,575 - business.controllers.FriendListController - ERROR - Check friend online: org.apache.thrift.transport.TTransportException
2014-01-03 08:21:47,576 - business.controllers.FriendListController - ERROR - Check friend online: org.apache.thrift.transport.TTransportException
2014-01-03 08:22:07,598 - business.controllers.FriendListController - ERROR - Check friend online: org.apache.thrift.transport.TTransportException
2014-01-03 08:23:54,799 - business.controllers.FriendListController - ERROR - Check friend online: org.apache.thrift.transport.TTransportException
2014-01-03 08:25:22,284 - business.controllers.FriendListController - ERROR - Check friend online: org.apache.thrift.transport.TTransportException: java.net.ConnectException: Connection refused
2014-01-03 08:25:59,663 - business.controllers.LoadEmotionController - ERROR - org.apache.thrift.transport.TTransportException: java.net.SocketException: Connection reset
2014-01-03 08:25:59,663 - business.controllers.UserProfileController - ERROR - Get profile from zalo: org.apache.thrift.transport.TTransportException: java.net.SocketException: Connection reset
2014-01-03 08:25:59,663 - business.controllers.FriendListController - ERROR - Get friend list: org.apache.thrift.transport.TTransportException
2014-01-03 08:25:59,663 - business.controllers.FriendListController - ERROR - Check friend online: org.apache.thrift.transport.TTransportException: java.net.SocketException: Connection reset
2014-01-03 08:28:39,104 - business.controllers.LoadEmotionController - ERROR - org.apache.thrift.transport.TTransportException: java.net.SocketException: Connection reset
2014-01-03 08:28:39,104 - business.controllers.FriendListController - ERROR - Check friend online: org.apache.thrift.transport.TTransportException: java.net.SocketException: Connection reset
2014-01-03 08:28:39,104 - business.controllers.FriendListController - ERROR - Check friend online: org.apache.thrift.transport.TTransportException: java.net.SocketException: Connection reset
2014-01-03 08:28:39,104 - business.controllers.FriendListController - ERROR - Get friend list: org.apache.thrift.transport.TTransportException
2014-01-03 08:28:39,104 - business.controllers.UserProfileController - ERROR - Get profile from zalo: org.apache.thrift.transport.TTransportException: java.net.SocketException: Connection reset
2014-01-03 08:28:39,104 - business.controllers.FriendListController - ERROR - Check friend online: org.apache.thrift.transport.TTransportException: java.net.SocketException: Connection reset
2014-01-03 08:28:39,106 - business.controllers.FriendListController - ERROR - Check friend online: org.apache.thrift.transport.TTransportException: java.net.ConnectException: Connection refused
2014-01-03 08:28:39,107 - business.controllers.FriendListController - ERROR - Check friend online: org.apache.thrift.transport.TTransportException: java.net.ConnectException: Connection refused
2014-01-03 08:33:15,103 - business.controllers.FriendListController - ERROR - Check friend online: org.apache.thrift.transport.TTransportException
2014-01-03 15:00:36,055 - business.controllers.FriendListController - ERROR - Check friend online: org.apache.thrift.transport.TTransportException
2014-01-03 15:00:55,956 - business.controllers.FriendListController - ERROR - Check friend online: org.apache.thrift.transport.TTransportException
2014-01-03 15:01:15,978 - business.controllers.FriendListController - ERROR - Check friend online: org.apache.thrift.transport.TTransportException
2014-01-03 15:01:35,997 - business.controllers.FriendListController - ERROR - Check friend online: org.apache.thrift.transport.TTransportException
2014-01-03 15:01:55,963 - business.controllers.FriendListController - ERROR - Check friend online: org.apache.thrift.transport.TTransportException
2014-01-03 15:02:16,028 - business.controllers.FriendListController - ERROR - Check friend online: org.apache.thrift.transport.TTransportException: java.net.ConnectException: Connection refused
2014-01-03 16:08:35,217 - business.controllers.UserProfileController - ERROR - Get profile from zalo: org.apache.thrift.transport.TTransportException
2014-01-03 16:08:48,106 - business.controllers.UserProfileController - ERROR - Get profile from zalo: org.apache.thrift.transport.TTransportException
2014-01-03 16:09:27,477 - business.controllers.UserProfileController - ERROR - Get profile from zalo: org.apache.thrift.transport.TTransportException
2014-01-03 16:09:39,316 - business.controllers.UserProfileController - ERROR - Get profile from zalo: org.apache.thrift.transport.TTransportException
2014-01-03 16:09:41,195 - business.controllers.UserProfileController - ERROR - Get profile from zalo: org.apache.thrift.transport.TTransportException
2014-01-03 16:10:26,887 - business.controllers.UserProfileController - ERROR - Get profile from zalo: org.apache.thrift.transport.TTransportException
2014-01-03 16:11:33,325 - business.controllers.UserProfileController - ERROR - Get profile from zalo: org.apache.thrift.transport.TTransportException
2014-01-03 16:11:34,733 - business.controllers.UserProfileController - ERROR - Get profile from zalo: org.apache.thrift.transport.TTransportException
2014-01-03 16:11:36,253 - business.controllers.UserProfileController - ERROR - Get profile from zalo: org.apache.thrift.transport.TTransportException
2014-01-03 16:14:29,479 - business.controllers.UserProfileController - ERROR - Get profile from zalo: org.apache.thrift.transport.TTransportException
2014-01-03 16:16:39,647 - business.controllers.UserProfileController - ERROR - Get profile from zalo: org.apache.thrift.transport.TTransportException
2014-01-03 16:16:57,103 - business.controllers.UserProfileController - ERROR - Get profile from zalo: org.apache.thrift.transport.TTransportException
2014-01-03 16:18:26,895 - business.controllers.UserProfileController - ERROR - Get profile from zalo: org.apache.thrift.transport.TTransportException
2014-01-03 16:19:17,294 - business.controllers.UserProfileController - ERROR - Get profile from zalo: org.apache.thrift.transport.TTransportException
2014-01-04 21:17:59,926 - business.controllers.OldMessageController - ERROR - org.apache.thrift.transport.TTransportException
2014-01-04 21:18:49,348 - business.controllers.OldMessageController - ERROR - org.apache.thrift.transport.TTransportException
2014-01-04 21:21:07,237 - business.controllers.OldMessageController - ERROR - org.apache.thrift.transport.TTransportException
2014-01-04 21:21:18,845 - business.controllers.OldMessageController - ERROR - org.apache.thrift.transport.TTransportException
2014-01-04 21:22:09,663 - business.controllers.OldMessageController - ERROR - org.apache.thrift.transport.TTransportException
2014-01-04 21:23:10,276 - business.controllers.OldMessageController - ERROR - org.apache.thrift.transport.TTransportException
2014-01-04 21:26:25,143 - business.controllers.OldMessageController - ERROR - org.apache.thrift.transport.TTransportException
2014-01-04 21:31:30,832 - business.controllers.OldMessageController - ERROR - org.apache.thrift.transport.TTransportException
2014-01-04 21:32:26,464 - business.controllers.OldMessageController - ERROR - org.apache.thrift.transport.TTransportException
2014-01-04 21:33:39,040 - business.controllers.OldMessageController - ERROR - org.apache.thrift.transport.TTransportException
2014-01-04 21:35:17,946 - business.controllers.OldMessageController - ERROR - org.apache.thrift.transport.TTransportException
2014-01-04 21:35:34,266 - business.controllers.OldMessageController - ERROR - org.apache.thrift.transport.TTransportException
2014-01-04 21:36:28,073 - business.controllers.OldMessageController - ERROR - org.apache.thrift.transport.TTransportException
2014-01-04 21:39:29,185 - business.controllers.OldMessageController - ERROR - org.apache.thrift.transport.TTransportException
2014-01-04 21:42:00,217 - business.controllers.OldMessageController - ERROR - org.apache.thrift.transport.TTransportException
2014-01-04 21:42:18,936 - business.controllers.OldMessageController - ERROR - org.apache.thrift.transport.TTransportException
2014-01-04 21:42:28,743 - business.controllers.OldMessageController - ERROR - org.apache.thrift.transport.TTransportException
2014-01-04 21:43:06,280 - business.controllers.OldMessageController - ERROR - org.apache.thrift.transport.TTransportException
2014-01-04 21:44:18,879 - business.controllers.OldMessageController - ERROR - org.apache.thrift.transport.TTransportException
2014-01-04 21:47:45,541 - business.controllers.OldMessageController - ERROR - org.apache.thrift.transport.TTransportException
2014-01-04 21:48:12,987 - business.controllers.OldMessageController - ERROR - org.apache.thrift.transport.TTransportException
2014-01-04 21:48:56,220 - business.controllers.OldMessageController - ERROR - org.apache.thrift.transport.TTransportException
2014-01-04 21:49:43,933 - business.controllers.OldMessageController - ERROR - org.apache.thrift.transport.TTransportException
2014-01-04 21:52:10,923 - business.controllers.OldMessageController - ERROR - org.apache.thrift.transport.TTransportException
2014-01-04 21:52:36,401 - business.controllers.OldMessageController - ERROR - org.apache.thrift.transport.TTransportException
2014-01-04 21:56:46,679 - business.controllers.OldMessageController - ERROR - org.apache.thrift.transport.TTransportException
2014-01-04 21:58:01,841 - business.controllers.OldMessageController - ERROR - org.apache.thrift.transport.TTransportException
2014-01-04 21:58:23,981 - business.controllers.OldMessageController - ERROR - org.apache.thrift.transport.TTransportException
2014-01-04 21:58:54,475 - business.controllers.OldMessageController - ERROR - org.apache.thrift.transport.TTransportException
2014-01-04 22:01:29,260 - business.controllers.OldMessageController - ERROR - org.apache.thrift.transport.TTransportException
2014-01-04 22:02:19,995 - business.controllers.OldMessageController - ERROR - org.apache.thrift.transport.TTransportException
2014-01-04 22:04:45,161 - business.controllers.OldMessageController - ERROR - org.apache.thrift.transport.TTransportException
2014-01-04 22:05:08,391 - business.controllers.OldMessageController - ERROR - org.apache.thrift.transport.TTransportException
2014-01-04 22:07:12,895 - business.controllers.OldMessageController - ERROR - org.apache.thrift.transport.TTransportException
2014-01-04 22:07:42,822 - business.controllers.OldMessageController - ERROR - org.apache.thrift.transport.TTransportException
2014-01-04 22:08:16,601 - business.controllers.OldMessageController - ERROR - org.apache.thrift.transport.TTransportException
2014-01-04 22:08:34,576 - business.controllers.OldMessageController - ERROR - org.apache.thrift.transport.TTransportException
2014-01-04 22:08:52,382 - business.controllers.OldMessageController - ERROR - org.apache.thrift.transport.TTransportException
2014-01-04 22:09:18,654 - business.controllers.OldMessageController - ERROR - org.apache.thrift.transport.TTransportException
2014-01-04 22:09:29,785 - business.controllers.OldMessageController - ERROR - org.apache.thrift.transport.TTransportException
2014-01-04 22:12:38,729 - business.controllers.OldMessageController - ERROR - org.apache.thrift.transport.TTransportException
2014-01-04 22:12:43,363 - business.controllers.OldMessageController - ERROR - org.apache.thrift.transport.TTransportException
2014-01-04 22:13:14,085 - business.controllers.OldMessageController - ERROR - org.apache.thrift.transport.TTransportException
2014-01-04 22:13:14,475 - business.controllers.OldMessageController - ERROR - org.apache.thrift.transport.TTransportException
2014-01-04 22:14:01,778 - business.controllers.OldMessageController - ERROR - org.apache.thrift.transport.TTransportException
2014-01-04 22:14:03,593 - business.controllers.OldMessageController - ERROR - org.apache.thrift.transport.TTransportException
2014-01-07 09:49:41,188 - business.controllers.OldMessageController - ERROR - org.apache.thrift.transport.TTransportException
2014-01-07 09:49:42,031 - business.controllers.OldMessageController - ERROR - org.apache.thrift.transport.TTransportException
2014-01-07 09:49:42,496 - business.controllers.OldMessageController - ERROR - org.apache.thrift.transport.TTransportException
2014-01-07 09:49:42,861 - business.controllers.OldMessageController - ERROR - org.apache.thrift.transport.TTransportException
2014-01-07 09:54:06,326 - business.controllers.OldMessageController - ERROR - org.apache.thrift.transport.TTransportException
2014-01-07 09:54:11,067 - business.controllers.OldMessageController - ERROR - org.apache.thrift.transport.TTransportException
2014-01-07 09:54:54,745 - business.controllers.OldMessageController - ERROR - org.apache.thrift.transport.TTransportException
2014-01-07 09:54:55,414 - business.controllers.OldMessageController - ERROR - org.apache.thrift.transport.TTransportException
2014-01-07 09:55:32,657 - business.controllers.OldMessageController - ERROR - org.apache.thrift.transport.TTransportException
2014-01-07 09:55:33,513 - business.controllers.OldMessageController - ERROR - org.apache.thrift.transport.TTransportException
2014-01-07 09:55:34,161 - business.controllers.OldMessageController - ERROR - org.apache.thrift.transport.TTransportException
2014-01-07 09:55:34,658 - business.controllers.OldMessageController - ERROR - org.apache.thrift.transport.TTransportException
2014-01-07 09:55:35,305 - business.controllers.OldMessageController - ERROR - org.apache.thrift.transport.TTransportException
2014-01-07 09:55:35,871 - business.controllers.OldMessageController - ERROR - org.apache.thrift.transport.TTransportException
2014-01-07 09:55:36,352 - business.controllers.OldMessageController - ERROR - org.apache.thrift.transport.TTransportException
2014-01-07 09:55:36,704 - business.controllers.OldMessageController - ERROR - org.apache.thrift.transport.TTransportException
2014-01-07 09:55:37,050 - business.controllers.OldMessageController - ERROR - org.apache.thrift.transport.TTransportException
2014-01-07 09:55:38,454 - business.controllers.OldMessageController - ERROR - org.apache.thrift.transport.TTransportException
2014-01-07 09:55:38,818 - business.controllers.OldMessageController - ERROR - org.apache.thrift.transport.TTransportException
2014-01-07 09:55:39,139 - business.controllers.OldMessageController - ERROR - org.apache.thrift.transport.TTransportException
2014-01-07 09:55:39,865 - business.controllers.OldMessageController - ERROR - org.apache.thrift.transport.TTransportException
2014-01-07 09:55:40,528 - business.controllers.OldMessageController - ERROR - org.apache.thrift.transport.TTransportException
2014-01-07 09:55:41,163 - business.controllers.OldMessageController - ERROR - org.apache.thrift.transport.TTransportException
2014-01-07 09:55:41,422 - business.controllers.OldMessageController - ERROR - org.apache.thrift.transport.TTransportException
2014-01-07 09:55:42,079 - business.controllers.OldMessageController - ERROR - org.apache.thrift.transport.TTransportException
2014-01-07 09:55:42,406 - business.controllers.OldMessageController - ERROR - org.apache.thrift.transport.TTransportException
2014-01-07 09:56:07,114 - business.controllers.OldMessageController - ERROR - org.apache.thrift.transport.TTransportException
2014-01-07 09:57:44,219 - business.controllers.OldMessageController - ERROR - org.apache.thrift.transport.TTransportException
2014-01-07 09:57:45,757 - business.controllers.OldMessageController - ERROR - org.apache.thrift.transport.TTransportException
2014-01-07 09:57:46,375 - business.controllers.OldMessageController - ERROR - org.apache.thrift.transport.TTransportException
2014-01-07 09:57:46,817 - business.controllers.OldMessageController - ERROR - org.apache.thrift.transport.TTransportException
2014-01-07 09:57:48,071 - business.controllers.OldMessageController - ERROR - org.apache.thrift.transport.TTransportException
2014-01-07 09:57:48,583 - business.controllers.OldMessageController - ERROR - org.apache.thrift.transport.TTransportException
2014-01-07 09:57:49,335 - business.controllers.OldMessageController - ERROR - org.apache.thrift.transport.TTransportException
2014-01-07 09:57:49,694 - business.controllers.OldMessageController - ERROR - org.apache.thrift.transport.TTransportException
2014-01-07 09:57:50,101 - business.controllers.OldMessageController - ERROR - org.apache.thrift.transport.TTransportException
2014-01-07 19:51:06,220 - business.controllers.LoadEmotionController - ERROR - org.apache.thrift.transport.TTransportException
2014-01-07 19:56:18,239 - business.controllers.FriendListController - ERROR - Check friend online: org.apache.thrift.transport.TTransportException: java.net.ConnectException: Connection refused
2014-01-07 19:56:38,175 - business.controllers.FriendListController - ERROR - Check friend online: org.apache.thrift.transport.TTransportException: java.net.ConnectException: Connection refused
2014-01-07 19:56:49,765 - business.controllers.LoadEmotionController - ERROR - org.apache.thrift.transport.TTransportException
2014-01-07 19:56:49,765 - business.controllers.FriendListController - ERROR - Get friend list: org.apache.thrift.transport.TTransportException
2014-01-07 19:56:52,773 - business.controllers.LoadEmotionController - ERROR - org.apache.thrift.transport.TTransportException: java.net.ConnectException: Connection refused
2014-01-07 19:56:52,778 - business.controllers.FriendListController - ERROR - Get friend list: org.apache.thrift.transport.TTransportException: java.net.ConnectException: Connection refused
2014-01-07 19:56:52,779 - business.controllers.UserProfileController - ERROR - Get profile from zalo: org.apache.thrift.transport.TTransportException: java.net.ConnectException: Connection refused
2014-01-07 20:00:06,412 - business.controllers.FriendListController - ERROR - Get friend list: org.apache.thrift.transport.TTransportException
2014-01-07 20:00:06,413 - business.controllers.FriendListController - ERROR - Check friend online: org.apache.thrift.transport.TTransportException: java.net.SocketException: Connection reset
2014-01-07 20:00:06,412 - business.controllers.FriendListController - ERROR - Check friend online: org.apache.thrift.transport.TTransportException: java.net.SocketException: Connection reset
2014-01-07 20:00:06,417 - business.controllers.FriendListController - ERROR - Check friend online: org.apache.thrift.transport.TTransportException: java.net.ConnectException: Connection refused
2014-01-07 20:00:06,412 - business.controllers.FriendListController - ERROR - Check friend online: org.apache.thrift.transport.TTransportException: java.net.SocketException: Connection reset
2014-01-07 20:00:06,412 - business.controllers.FriendListController - ERROR - Check friend online: org.apache.thrift.transport.TTransportException: java.net.SocketException: Connection reset
2014-01-07 20:00:06,421 - business.controllers.FriendListController - ERROR - Check friend online: org.apache.thrift.transport.TTransportException: java.net.ConnectException: Connection refused
2014-01-07 20:00:06,413 - business.controllers.LoadEmotionController - ERROR - org.apache.thrift.transport.TTransportException
2014-01-07 20:00:06,423 - business.controllers.FriendListController - ERROR - Check friend online: org.apache.thrift.transport.TTransportException: java.net.ConnectException: Connection refused
2014-01-07 20:00:06,433 - business.controllers.FriendListController - ERROR - Check friend online: org.apache.thrift.transport.TTransportException: java.net.ConnectException: Connection refused
2014-01-07 20:00:06,434 - business.controllers.FriendListController - ERROR - Check friend online: org.apache.thrift.transport.TTransportException: java.net.ConnectException: Connection refused
2014-01-07 20:00:21,031 - business.controllers.FriendListController - ERROR - Check friend online: org.apache.thrift.transport.TTransportException: java.net.ConnectException: Connection refused
2014-01-07 20:00:41,032 - business.controllers.FriendListController - ERROR - Check friend online: org.apache.thrift.transport.TTransportException: java.net.ConnectException: Connection refused
2014-01-07 20:06:42,958 - business.controllers.FriendListController - ERROR - Get friend list: org.apache.thrift.transport.TTransportException: java.net.SocketException: Connection reset
2014-01-07 20:06:42,958 - business.controllers.FriendListController - ERROR - Check friend online: org.apache.thrift.transport.TTransportException: java.net.SocketException: Connection reset
2014-01-07 20:06:42,961 - business.controllers.FriendListController - ERROR - Check friend online: org.apache.thrift.transport.TTransportException: java.net.ConnectException: Connection refused
2014-01-07 20:06:42,959 - business.controllers.FriendListController - ERROR - Check friend online: org.apache.thrift.transport.TTransportException: java.net.SocketException: Connection reset
2014-01-07 20:06:42,959 - business.controllers.FriendListController - ERROR - Check friend online: org.apache.thrift.transport.TTransportException: java.net.SocketException: Connection reset
2014-01-07 20:06:42,958 - business.controllers.FriendListController - ERROR - Check friend online: org.apache.thrift.transport.TTransportException: java.net.SocketException: Connection reset
2014-01-07 20:06:42,958 - business.controllers.LoadEmotionController - ERROR - org.apache.thrift.transport.TTransportException
2014-01-07 20:06:48,678 - business.controllers.FriendListController - ERROR - Check friend online: org.apache.thrift.transport.TTransportException: java.net.ConnectException: Connection refused
2014-01-08 08:27:34,288 - business.controllers.OldMessageController - ERROR - org.apache.thrift.transport.TTransportException
2014-01-08 08:42:29,280 - business.controllers.OldMessageController - ERROR - org.apache.thrift.transport.TTransportException
2014-01-08 08:43:52,525 - business.controllers.OldMessageController - ERROR - org.apache.thrift.transport.TTransportException
2014-01-08 08:44:10,899 - business.controllers.OldMessageController - ERROR - org.apache.thrift.transport.TTransportException
2014-01-08 08:44:51,158 - business.controllers.OldMessageController - ERROR - org.apache.thrift.transport.TTransportException
2014-01-08 08:45:39,120 - business.controllers.OldMessageController - ERROR - org.apache.thrift.transport.TTransportException
2014-01-08 08:45:45,098 - business.controllers.OldMessageController - ERROR - org.apache.thrift.transport.TTransportException
2014-01-08 08:45:45,882 - business.controllers.OldMessageController - ERROR - org.apache.thrift.transport.TTransportException
2014-01-10 09:15:03,457 - business.controllers.OldMessageController - ERROR - org.apache.thrift.transport.TTransportException
2014-01-10 09:19:51,417 - business.controllers.OldMessageController - ERROR - org.apache.thrift.transport.TTransportException
2014-01-10 09:23:11,894 - business.controllers.OldMessageController - ERROR - org.apache.thrift.transport.TTransportException
2014-01-10 09:25:44,121 - business.controllers.OldMessageController - ERROR - org.apache.thrift.transport.TTransportException
2014-01-10 09:26:22,841 - business.controllers.FriendListController - ERROR - Check friend online: org.apache.thrift.transport.TTransportException: java.net.ConnectException: Connection refused
2014-01-10 09:28:43,206 - business.controllers.OldMessageController - ERROR - org.apache.thrift.transport.TTransportException
2014-01-10 09:28:47,563 - business.controllers.FriendListController - ERROR - Check friend online: org.apache.thrift.transport.TTransportException: java.net.ConnectException: Connection refused
2014-01-10 09:41:05,538 - business.controllers.FriendListController - ERROR - Check friend online: org.apache.thrift.transport.TTransportException: java.net.ConnectException: Connection refused
2014-01-10 09:52:48,755 - business.controllers.FriendListController - ERROR - Check friend online: org.apache.thrift.transport.TTransportException: java.net.SocketException: Connection reset
2014-01-10 09:52:48,757 - business.controllers.FriendListController - ERROR - Check friend online: org.apache.thrift.transport.TTransportException: java.net.SocketException: Connection reset
2014-01-10 09:52:48,756 - business.controllers.FriendListController - ERROR - Check friend online: org.apache.thrift.transport.TTransportException: java.net.SocketException: Connection reset
2014-01-10 09:52:48,756 - business.controllers.FriendListController - ERROR - Check friend online: org.apache.thrift.transport.TTransportException: java.net.SocketException: Connection reset
2014-01-10 09:52:48,756 - business.controllers.OldMessageController - ERROR - org.apache.thrift.transport.TTransportException
2014-01-10 09:52:49,572 - business.controllers.FriendListController - ERROR - Check friend online: org.apache.thrift.transport.TTransportException: java.net.ConnectException: Connection refused
2014-01-10 09:52:50,625 - business.controllers.FriendListController - ERROR - Check friend online: org.apache.thrift.transport.TTransportException: java.net.ConnectException: Connection refused
2014-01-10 09:53:09,574 - business.controllers.FriendListController - ERROR - Check friend online: org.apache.thrift.transport.TTransportException: java.net.ConnectException: Connection refused
2014-01-10 09:53:10,629 - business.controllers.FriendListController - ERROR - Check friend online: org.apache.thrift.transport.TTransportException: java.net.ConnectException: Connection refused
2014-01-10 09:53:35,947 - business.controllers.FriendListController - ERROR - Check friend online: org.apache.thrift.transport.TTransportException: java.net.SocketException: Connection reset
2014-01-10 09:53:36,992 - business.controllers.FriendListController - ERROR - Check friend online: org.apache.thrift.transport.TTransportException: java.net.ConnectException: Connection refused
2014-01-10 09:53:53,932 - business.controllers.FriendListController - ERROR - Check friend online: org.apache.thrift.transport.TTransportException: java.net.ConnectException: Connection refused
2014-01-10 09:53:56,995 - business.controllers.FriendListController - ERROR - Check friend online: org.apache.thrift.transport.TTransportException: java.net.ConnectException: Connection refused
2014-01-10 09:54:13,930 - business.controllers.FriendListController - ERROR - Check friend online: org.apache.thrift.transport.TTransportException: java.net.ConnectException: Connection refused
2014-01-10 09:54:16,989 - business.controllers.FriendListController - ERROR - Check friend online: org.apache.thrift.transport.TTransportException: java.net.ConnectException: Connection refused
2014-01-10 09:54:33,931 - business.controllers.FriendListController - ERROR - Check friend online: org.apache.thrift.transport.TTransportException: java.net.ConnectException: Connection refused
2014-01-10 09:54:36,992 - business.controllers.FriendListController - ERROR - Check friend online: org.apache.thrift.transport.TTransportException: java.net.ConnectException: Connection refused
2014-01-10 09:57:06,315 - business.controllers.FriendListController - ERROR - Check friend online: org.apache.thrift.transport.TTransportException: java.net.ConnectException: Connection refused
2014-01-10 09:57:08,126 - business.controllers.FriendListController - ERROR - Check friend online: org.apache.thrift.transport.TTransportException: java.net.ConnectException: Connection refused
2014-01-10 09:57:55,903 - business.controllers.FriendListController - ERROR - Check friend online: org.apache.thrift.transport.TTransportException
2014-01-10 09:57:55,903 - business.controllers.FriendListController - ERROR - Check friend online: org.apache.thrift.transport.TTransportException
2014-01-10 10:16:59,968 - business.controllers.FriendListController - ERROR - Check friend online: org.apache.thrift.transport.TTransportException: java.net.ConnectException: Connection refused
2014-01-10 12:56:24,596 - business.controllers.FriendListController - ERROR - Check friend online: org.apache.thrift.transport.TTransportException: java.net.ConnectException: Connection refused
2014-01-10 14:34:14,877 - business.controllers.OldMessageController - ERROR - org.apache.thrift.transport.TTransportException
2014-01-10 14:34:16,896 - business.controllers.OldMessageController - ERROR - org.apache.thrift.transport.TTransportException
2014-01-10 14:34:17,437 - business.controllers.OldMessageController - ERROR - org.apache.thrift.transport.TTransportException
2014-01-10 14:34:19,437 - business.controllers.OldMessageController - ERROR - org.apache.thrift.transport.TTransportException
2014-01-10 14:34:20,231 - business.controllers.OldMessageController - ERROR - org.apache.thrift.transport.TTransportException
2014-01-10 14:34:52,869 - business.controllers.OldMessageController - ERROR - org.apache.thrift.transport.TTransportException
2014-01-10 14:34:53,453 - business.controllers.OldMessageController - ERROR - org.apache.thrift.transport.TTransportException
2014-01-10 14:34:54,133 - business.controllers.OldMessageController - ERROR - org.apache.thrift.transport.TTransportException
2014-01-10 14:35:07,555 - business.controllers.OldMessageController - ERROR - org.apache.thrift.transport.TTransportException
2014-01-10 14:35:07,963 - business.controllers.OldMessageController - ERROR - org.apache.thrift.transport.TTransportException
2014-01-10 14:35:08,809 - business.controllers.OldMessageController - ERROR - org.apache.thrift.transport.TTransportException
2014-01-10 14:35:09,268 - business.controllers.OldMessageController - ERROR - org.apache.thrift.transport.TTransportException
2014-01-10 14:35:19,930 - business.controllers.OldMessageController - ERROR - org.apache.thrift.transport.TTransportException
2014-01-10 14:35:23,276 - business.controllers.OldMessageController - ERROR - org.apache.thrift.transport.TTransportException
2014-01-10 14:35:24,057 - business.controllers.OldMessageController - ERROR - org.apache.thrift.transport.TTransportException
2014-01-10 14:35:24,356 - business.controllers.OldMessageController - ERROR - org.apache.thrift.transport.TTransportException
2014-01-10 14:35:25,124 - business.controllers.OldMessageController - ERROR - org.apache.thrift.transport.TTransportException
2014-01-10 14:35:25,481 - business.controllers.OldMessageController - ERROR - org.apache.thrift.transport.TTransportException
2014-01-10 14:36:30,885 - business.controllers.OldMessageController - ERROR - org.apache.thrift.transport.TTransportException
2014-01-10 14:36:31,348 - business.controllers.OldMessageController - ERROR - org.apache.thrift.transport.TTransportException
2014-01-10 14:36:35,395 - business.controllers.OldMessageController - ERROR - org.apache.thrift.transport.TTransportException
2014-01-10 14:36:35,834 - business.controllers.OldMessageController - ERROR - org.apache.thrift.transport.TTransportException
2014-01-10 14:36:37,428 - business.controllers.OldMessageController - ERROR - org.apache.thrift.transport.TTransportException
2014-01-10 14:36:37,788 - business.controllers.OldMessageController - ERROR - org.apache.thrift.transport.TTransportException
2014-01-10 15:08:18,209 - business.controllers.OldMessageController - ERROR - org.apache.thrift.transport.TTransportException
2014-01-10 15:08:19,430 - business.controllers.OldMessageController - ERROR - org.apache.thrift.transport.TTransportException
2014-01-10 15:08:19,965 - business.controllers.OldMessageController - ERROR - org.apache.thrift.transport.TTransportException
2014-01-10 15:08:20,684 - business.controllers.OldMessageController - ERROR - org.apache.thrift.transport.TTransportException
2014-01-10 15:10:56,856 - business.controllers.OldMessageController - ERROR - org.apache.thrift.transport.TTransportException
2014-01-10 15:10:57,357 - business.controllers.OldMessageController - ERROR - org.apache.thrift.transport.TTransportException
2014-01-10 23:23:54,627 - business.controllers.FriendListController - ERROR - Get friend list: org.apache.thrift.transport.TTransportException: java.net.ConnectException: Connection refused
2014-01-11 14:55:31,456 - business.controllers.FriendListController - ERROR - Check friend online: org.apache.thrift.transport.TTransportException: java.net.SocketException: Connection reset
2014-01-11 14:55:31,458 - business.controllers.FriendListController - ERROR - Check friend online: org.apache.thrift.transport.TTransportException: java.net.SocketException: Connection reset
2014-01-11 14:55:31,458 - business.controllers.FriendListController - ERROR - Check friend online: org.apache.thrift.transport.TTransportException: java.net.SocketException: Connection reset
2014-01-11 14:55:31,457 - business.controllers.OldMessageController - ERROR - org.apache.thrift.transport.TTransportException
2014-01-11 14:55:31,456 - business.controllers.FriendListController - ERROR - Check friend online: org.apache.thrift.transport.TTransportException: java.net.SocketException: Connection reset
2014-01-11 14:55:37,601 - business.controllers.FriendListController - ERROR - Check friend online: org.apache.thrift.transport.TTransportException: java.net.ConnectException: Connection refused
2014-01-11 14:55:51,098 - business.controllers.FriendListController - ERROR - Check friend online: org.apache.thrift.transport.TTransportException: java.net.ConnectException: Connection refused
2014-01-11 14:55:57,600 - business.controllers.FriendListController - ERROR - Check friend online: org.apache.thrift.transport.TTransportException: java.net.ConnectException: Connection refused
2014-01-11 14:56:11,098 - business.controllers.FriendListController - ERROR - Check friend online: org.apache.thrift.transport.TTransportException: java.net.ConnectException: Connection refused
2014-01-11 14:56:17,597 - business.controllers.FriendListController - ERROR - Check friend online: org.apache.thrift.transport.TTransportException: java.net.ConnectException: Connection refused
2014-01-11 14:56:31,098 - business.controllers.FriendListController - ERROR - Check friend online: org.apache.thrift.transport.TTransportException: java.net.ConnectException: Connection refused
2014-01-11 14:56:37,601 - business.controllers.FriendListController - ERROR - Check friend online: org.apache.thrift.transport.TTransportException: java.net.ConnectException: Connection refused
2014-01-11 14:58:12,543 - business.controllers.FriendListController - ERROR - Check friend online: org.apache.thrift.transport.TTransportException: java.net.ConnectException: Connection refused
2014-01-11 21:38:52,762 - business.controllers.FriendListController - ERROR - Check friend online: org.apache.thrift.transport.TTransportException: java.net.SocketException: Connection reset
2014-01-11 21:43:32,512 - business.controllers.FriendListController - ERROR - Check friend online: org.apache.thrift.transport.TTransportException: java.net.ConnectException: Connection refused
2014-01-11 23:42:42,202 - business.controllers.FriendListController - ERROR - Check friend online: org.apache.thrift.transport.TTransportException: java.net.ConnectException: Connection refused
2014-01-11 23:49:51,921 - business.controllers.FriendListController - ERROR - Check friend online: org.apache.thrift.transport.TTransportException: java.net.SocketException: Connection reset
2014-01-11 23:49:51,922 - business.controllers.FriendListController - ERROR - Check friend online: org.apache.thrift.transport.TTransportException: java.net.SocketException: Connection reset
2014-01-11 23:49:51,925 - business.controllers.FriendListController - ERROR - Check friend online: org.apache.thrift.transport.TTransportException: java.net.SocketException: Connection reset
2014-01-11 23:49:51,927 - business.controllers.FriendListController - ERROR - Check friend online: org.apache.thrift.transport.TTransportException: java.net.ConnectException: Connection refused
2014-01-11 23:49:51,922 - business.controllers.FriendListController - ERROR - Check friend online: org.apache.thrift.transport.TTransportException: java.net.SocketException: Connection reset
2014-01-11 23:49:51,922 - business.controllers.FriendListController - ERROR - Check friend online: org.apache.thrift.transport.TTransportException: java.net.SocketException: Connection reset
2014-01-11 23:49:51,922 - business.controllers.FriendListController - ERROR - Check friend online: org.apache.thrift.transport.TTransportException: java.net.SocketException: Connection reset
2014-01-11 23:49:51,930 - business.controllers.FriendListController - ERROR - Get friend list: org.apache.thrift.transport.TTransportException
2014-01-11 23:49:51,922 - business.controllers.FriendListController - ERROR - Check friend online: org.apache.thrift.transport.TTransportException: java.net.SocketException: Connection reset
2014-01-11 23:49:51,922 - business.controllers.FriendListController - ERROR - Check friend online: org.apache.thrift.transport.TTransportException: java.net.SocketException: Connection reset
2014-01-11 23:49:51,922 - business.controllers.FriendListController - ERROR - Check friend online: org.apache.thrift.transport.TTransportException: java.net.SocketException: Connection reset
2014-01-11 23:49:51,949 - business.controllers.FriendListController - ERROR - Check friend online: org.apache.thrift.transport.TTransportException: java.net.ConnectException: Connection refused
2014-01-11 23:49:51,949 - business.controllers.FriendListController - ERROR - Check friend online: org.apache.thrift.transport.TTransportException: java.net.ConnectException: Connection refused
2014-01-11 23:49:51,949 - business.controllers.FriendListController - ERROR - Check friend online: org.apache.thrift.transport.TTransportException: java.net.ConnectException: Connection refused
2014-01-11 23:49:51,954 - business.controllers.FriendListController - ERROR - Check friend online: org.apache.thrift.transport.TTransportException: java.net.ConnectException: Connection refused
2014-01-11 23:49:51,942 - business.controllers.LoadEmotionController - ERROR - org.apache.thrift.transport.TTransportException
2014-01-11 23:49:51,958 - business.controllers.FriendListController - ERROR - Check friend online: org.apache.thrift.transport.TTransportException: java.net.ConnectException: Connection refused
2014-01-11 23:49:51,959 - business.controllers.FriendListController - ERROR - Check friend online: org.apache.thrift.transport.TTransportException: java.net.ConnectException: Connection refused
2014-01-11 23:49:51,960 - business.controllers.FriendListController - ERROR - Check friend online: org.apache.thrift.transport.TTransportException: java.net.ConnectException: Connection refused
2014-01-11 23:49:51,960 - business.controllers.FriendListController - ERROR - Check friend online: org.apache.thrift.transport.TTransportException: java.net.ConnectException: Connection refused
2014-01-11 23:49:51,942 - business.controllers.FriendListController - ERROR - Check friend online: org.apache.thrift.transport.TTransportException: java.net.ConnectException: Connection refused
2014-01-11 23:49:51,942 - business.controllers.FriendListController - ERROR - Check friend online: org.apache.thrift.transport.TTransportException: java.net.ConnectException: Connection refused
2014-01-11 23:49:51,932 - business.controllers.FriendListController - ERROR - Check friend online: org.apache.thrift.transport.TTransportException: java.net.ConnectException: Connection refused
2014-01-11 23:49:51,968 - business.controllers.FriendListController - ERROR - Check friend online: org.apache.thrift.transport.TTransportException: java.net.ConnectException: Connection refused
2014-01-11 23:49:51,922 - business.controllers.LoadEmotionController - ERROR - org.apache.thrift.transport.TTransportException: java.net.SocketException: Connection reset
2014-01-11 23:49:51,966 - business.controllers.FriendListController - ERROR - Check friend online: org.apache.thrift.transport.TTransportException: java.net.ConnectException: Connection refused
2014-01-11 23:49:51,962 - business.controllers.FriendListController - ERROR - Check friend online: org.apache.thrift.transport.TTransportException: java.net.ConnectException: Connection refused
2014-01-11 23:49:51,975 - business.controllers.FriendListController - ERROR - Check friend online: org.apache.thrift.transport.TTransportException: java.net.ConnectException: Connection refused
2014-01-11 23:49:51,953 - business.controllers.FriendListController - ERROR - Check friend online: org.apache.thrift.transport.TTransportException: java.net.ConnectException: Connection refused
2014-01-11 23:49:51,953 - business.controllers.FriendListController - ERROR - Check friend online: org.apache.thrift.transport.TTransportException: java.net.ConnectException: Connection refused
2014-01-11 23:49:51,953 - business.controllers.FriendListController - ERROR - Check friend online: org.apache.thrift.transport.TTransportException: java.net.ConnectException: Connection refused
2014-01-11 23:49:51,971 - business.controllers.FriendListController - ERROR - Check friend online: org.apache.thrift.transport.TTransportException: java.net.ConnectException: Connection refused
2014-01-11 23:50:02,202 - business.controllers.FriendListController - ERROR - Check friend online: org.apache.thrift.transport.TTransportException: java.net.ConnectException: Connection refused
2014-01-11 23:50:07,450 - business.controllers.FriendListController - ERROR - Check friend online: org.apache.thrift.transport.TTransportException: java.net.ConnectException: Connection refused
2014-01-12 10:22:03,663 - business.controllers.FriendListController - ERROR - Check friend online: org.apache.thrift.transport.TTransportException: java.net.ConnectException: Connection refused
2014-01-12 10:22:16,629 - business.controllers.FriendListController - ERROR - Check friend online: org.apache.thrift.transport.TTransportException: java.net.ConnectException: Connection refused
2014-01-12 11:17:22,793 - business.controllers.FriendListController - ERROR - Check friend online: org.apache.thrift.transport.TTransportException: java.net.ConnectException: Connection refused
2014-01-12 11:17:23,483 - business.controllers.FriendListController - ERROR - Check friend online: org.apache.thrift.transport.TTransportException: java.net.ConnectException: Connection refused
2014-01-12 14:34:04,032 - business.controllers.UploadImageController - ERROR - get image id:org.apache.thrift.transport.TTransportException
2014-01-12 14:37:09,124 - business.controllers.UploadImageController - ERROR - get image id:org.apache.thrift.transport.TTransportException
2014-01-13 14:26:22,268 - business.controllers.FriendListController - ERROR - Check friend online: org.apache.thrift.transport.TTransportException: java.net.ConnectException: Connection refused
2014-01-13 14:33:15,968 - business.controllers.OldMessageController - ERROR - org.apache.thrift.transport.TTransportException
2014-01-13 14:50:10,441 - business.controllers.FriendListController - ERROR - Check friend online: org.apache.thrift.transport.TTransportException: java.net.ConnectException: Connection refused
2014-01-13 14:50:14,268 - business.controllers.FriendListController - ERROR - Check friend online: org.apache.thrift.transport.TTransportException: java.net.ConnectException: Connection refused
2014-01-13 14:50:30,268 - business.controllers.FriendListController - ERROR - Check friend online: org.apache.thrift.transport.TTransportException: java.net.ConnectException: Connection refused
2014-01-13 14:50:34,268 - business.controllers.FriendListController - ERROR - Check friend online: org.apache.thrift.transport.TTransportException: java.net.ConnectException: Connection refused
2014-01-13 14:50:50,271 - business.controllers.FriendListController - ERROR - Check friend online: org.apache.thrift.transport.TTransportException: java.net.ConnectException: Connection refused
2014-01-13 14:50:54,267 - business.controllers.FriendListController - ERROR - Check friend online: org.apache.thrift.transport.TTransportException: java.net.ConnectException: Connection refused
2014-01-13 14:51:10,268 - business.controllers.FriendListController - ERROR - Check friend online: org.apache.thrift.transport.TTransportException: java.net.ConnectException: Connection refused
2014-01-13 14:51:14,268 - business.controllers.FriendListController - ERROR - Check friend online: org.apache.thrift.transport.TTransportException: java.net.ConnectException: Connection refused
2014-01-13 14:51:30,270 - business.controllers.FriendListController - ERROR - Check friend online: org.apache.thrift.transport.TTransportException: java.net.ConnectException: Connection refused
2014-01-13 14:51:34,268 - business.controllers.FriendListController - ERROR - Check friend online: org.apache.thrift.transport.TTransportException: java.net.ConnectException: Connection refused
2014-01-13 14:51:50,269 - business.controllers.FriendListController - ERROR - Check friend online: org.apache.thrift.transport.TTransportException: java.net.ConnectException: Connection refused
2014-01-13 14:52:10,271 - business.controllers.FriendListController - ERROR - Check friend online: org.apache.thrift.transport.TTransportException: java.net.ConnectException: Connection refused
2014-01-13 14:52:30,271 - business.controllers.FriendListController - ERROR - Check friend online: org.apache.thrift.transport.TTransportException: java.net.ConnectException: Connection refused
2014-01-13 14:52:50,273 - business.controllers.FriendListController - ERROR - Check friend online: org.apache.thrift.transport.TTransportException: java.net.ConnectException: Connection refused
2014-01-13 14:53:10,272 - business.controllers.FriendListController - ERROR - Check friend online: org.apache.thrift.transport.TTransportException: java.net.ConnectException: Connection refused
2014-01-13 14:53:30,285 - business.controllers.FriendListController - ERROR - Check friend online: org.apache.thrift.transport.TTransportException: java.net.ConnectException: Connection refused
2014-01-13 14:53:50,275 - business.controllers.FriendListController - ERROR - Check friend online: org.apache.thrift.transport.TTransportException: java.net.ConnectException: Connection refused
2014-01-13 14:54:10,275 - business.controllers.FriendListController - ERROR - Check friend online: org.apache.thrift.transport.TTransportException: java.net.ConnectException: Connection refused
2014-01-13 14:54:30,274 - business.controllers.FriendListController - ERROR - Check friend online: org.apache.thrift.transport.TTransportException: java.net.ConnectException: Connection refused
2014-01-13 14:54:50,277 - business.controllers.FriendListController - ERROR - Check friend online: org.apache.thrift.transport.TTransportException: java.net.ConnectException: Connection refused
2014-01-13 14:55:10,274 - business.controllers.FriendListController - ERROR - Check friend online: org.apache.thrift.transport.TTransportException: java.net.ConnectException: Connection refused
2014-01-13 14:55:30,453 - business.controllers.FriendListController - ERROR - Check friend online: org.apache.thrift.transport.TTransportException: java.net.ConnectException: Connection refused
2014-01-13 14:55:50,276 - business.controllers.FriendListController - ERROR - Check friend online: org.apache.thrift.transport.TTransportException: java.net.ConnectException: Connection refused
2014-01-13 14:56:10,278 - business.controllers.FriendListController - ERROR - Check friend online: org.apache.thrift.transport.TTransportException: java.net.ConnectException: Connection refused
2014-01-13 14:56:30,276 - business.controllers.FriendListController - ERROR - Check friend online: org.apache.thrift.transport.TTransportException: java.net.ConnectException: Connection refused
2014-01-13 14:56:50,280 - business.controllers.FriendListController - ERROR - Check friend online: org.apache.thrift.transport.TTransportException: java.net.ConnectException: Connection refused
2014-01-13 14:57:10,279 - business.controllers.FriendListController - ERROR - Check friend online: org.apache.thrift.transport.TTransportException: java.net.ConnectException: Connection refused
2014-01-13 14:57:30,281 - business.controllers.FriendListController - ERROR - Check friend online: org.apache.thrift.transport.TTransportException: java.net.ConnectException: Connection refused
2014-01-13 14:57:50,278 - business.controllers.FriendListController - ERROR - Check friend online: org.apache.thrift.transport.TTransportException: java.net.ConnectException: Connection refused
2014-01-13 14:58:10,282 - business.controllers.FriendListController - ERROR - Check friend online: org.apache.thrift.transport.TTransportException: java.net.ConnectException: Connection refused
2014-01-13 14:58:30,282 - business.controllers.FriendListController - ERROR - Check friend online: org.apache.thrift.transport.TTransportException: java.net.ConnectException: Connection refused
2014-01-13 14:58:50,283 - business.controllers.FriendListController - ERROR - Check friend online: org.apache.thrift.transport.TTransportException: java.net.ConnectException: Connection refused
2014-01-13 14:59:10,281 - business.controllers.FriendListController - ERROR - Check friend online: org.apache.thrift.transport.TTransportException: java.net.ConnectException: Connection refused
2014-01-13 14:59:30,283 - business.controllers.FriendListController - ERROR - Check friend online: org.apache.thrift.transport.TTransportException: java.net.ConnectException: Connection refused
2014-01-13 14:59:50,282 - business.controllers.FriendListController - ERROR - Check friend online: org.apache.thrift.transport.TTransportException: java.net.ConnectException: Connection refused
2014-01-13 15:00:10,285 - business.controllers.FriendListController - ERROR - Check friend online: org.apache.thrift.transport.TTransportException: java.net.ConnectException: Connection refused
2014-01-13 15:00:30,283 - business.controllers.FriendListController - ERROR - Check friend online: org.apache.thrift.transport.TTransportException: java.net.ConnectException: Connection refused
2014-01-13 15:00:50,445 - business.controllers.FriendListController - ERROR - Check friend online: org.apache.thrift.transport.TTransportException: java.net.ConnectException: Connection refused
2014-01-13 15:01:10,283 - business.controllers.FriendListController - ERROR - Check friend online: org.apache.thrift.transport.TTransportException: java.net.ConnectException: Connection refused
2014-01-13 15:01:30,285 - business.controllers.FriendListController - ERROR - Check friend online: org.apache.thrift.transport.TTransportException: java.net.ConnectException: Connection refused
2014-01-13 15:01:50,285 - business.controllers.FriendListController - ERROR - Check friend online: org.apache.thrift.transport.TTransportException: java.net.ConnectException: Connection refused
2014-01-13 15:02:10,287 - business.controllers.FriendListController - ERROR - Check friend online: org.apache.thrift.transport.TTransportException: java.net.ConnectException: Connection refused
2014-01-13 15:02:30,285 - business.controllers.FriendListController - ERROR - Check friend online: org.apache.thrift.transport.TTransportException: java.net.ConnectException: Connection refused
2014-01-13 15:02:50,288 - business.controllers.FriendListController - ERROR - Check friend online: org.apache.thrift.transport.TTransportException: java.net.ConnectException: Connection refused
2014-01-13 15:03:10,286 - business.controllers.FriendListController - ERROR - Check friend online: org.apache.thrift.transport.TTransportException: java.net.ConnectException: Connection refused
2014-01-13 15:03:30,290 - business.controllers.FriendListController - ERROR - Check friend online: org.apache.thrift.transport.TTransportException: java.net.ConnectException: Connection refused
2014-01-13 15:03:50,288 - business.controllers.FriendListController - ERROR - Check friend online: org.apache.thrift.transport.TTransportException: java.net.ConnectException: Connection refused
2014-01-13 15:04:10,291 - business.controllers.FriendListController - ERROR - Check friend online: org.apache.thrift.transport.TTransportException: java.net.ConnectException: Connection refused
2014-01-13 15:04:30,291 - business.controllers.FriendListController - ERROR - Check friend online: org.apache.thrift.transport.TTransportException: java.net.ConnectException: Connection refused
2014-01-13 15:04:50,293 - business.controllers.FriendListController - ERROR - Check friend online: org.apache.thrift.transport.TTransportException: java.net.ConnectException: Connection refused
2014-01-13 15:05:10,290 - business.controllers.FriendListController - ERROR - Check friend online: org.apache.thrift.transport.TTransportException: java.net.ConnectException: Connection refused
2014-01-13 15:05:30,292 - business.controllers.FriendListController - ERROR - Check friend online: org.apache.thrift.transport.TTransportException: java.net.ConnectException: Connection refused
2014-01-13 15:05:50,290 - business.controllers.FriendListController - ERROR - Check friend online: org.apache.thrift.transport.TTransportException: java.net.ConnectException: Connection refused
2014-01-13 15:06:10,513 - business.controllers.FriendListController - ERROR - Check friend online: org.apache.thrift.transport.TTransportException: java.net.ConnectException: Connection refused
2014-01-13 15:06:30,291 - business.controllers.FriendListController - ERROR - Check friend online: org.apache.thrift.transport.TTransportException: java.net.ConnectException: Connection refused
2014-01-13 15:06:50,294 - business.controllers.FriendListController - ERROR - Check friend online: org.apache.thrift.transport.TTransportException: java.net.ConnectException: Connection refused
2014-01-13 15:07:10,293 - business.controllers.FriendListController - ERROR - Check friend online: org.apache.thrift.transport.TTransportException: java.net.ConnectException: Connection refused
2014-01-13 15:07:30,295 - business.controllers.FriendListController - ERROR - Check friend online: org.apache.thrift.transport.TTransportException: java.net.ConnectException: Connection refused
2014-01-13 15:07:50,294 - business.controllers.FriendListController - ERROR - Check friend online: org.apache.thrift.transport.TTransportException: java.net.ConnectException: Connection refused
2014-01-13 15:08:10,296 - business.controllers.FriendListController - ERROR - Check friend online: org.apache.thrift.transport.TTransportException: java.net.ConnectException: Connection refused
2014-01-13 15:08:30,294 - business.controllers.FriendListController - ERROR - Check friend online: org.apache.thrift.transport.TTransportException: java.net.ConnectException: Connection refused
2014-01-13 15:08:50,297 - business.controllers.FriendListController - ERROR - Check friend online: org.apache.thrift.transport.TTransportException: java.net.ConnectException: Connection refused
2014-01-13 15:09:10,295 - business.controllers.FriendListController - ERROR - Check friend online: org.apache.thrift.transport.TTransportException: java.net.ConnectException: Connection refused
2014-01-13 15:09:30,299 - business.controllers.FriendListController - ERROR - Check friend online: org.apache.thrift.transport.TTransportException: java.net.ConnectException: Connection refused
2014-01-13 15:09:50,297 - business.controllers.FriendListController - ERROR - Check friend online: org.apache.thrift.transport.TTransportException: java.net.ConnectException: Connection refused
2014-01-13 15:10:10,303 - business.controllers.FriendListController - ERROR - Check friend online: org.apache.thrift.transport.TTransportException: java.net.ConnectException: Connection refused
2014-01-13 15:10:30,299 - business.controllers.FriendListController - ERROR - Check friend online: org.apache.thrift.transport.TTransportException: java.net.ConnectException: Connection refused
2014-01-13 15:10:50,301 - business.controllers.FriendListController - ERROR - Check friend online: org.apache.thrift.transport.TTransportException: java.net.ConnectException: Connection refused
2014-01-13 15:11:10,299 - business.controllers.FriendListController - ERROR - Check friend online: org.apache.thrift.transport.TTransportException: java.net.ConnectException: Connection refused
2014-01-13 15:11:30,303 - business.controllers.FriendListController - ERROR - Check friend online: org.apache.thrift.transport.TTransportException: java.net.ConnectException: Connection refused
2014-01-13 15:11:50,302 - business.controllers.FriendListController - ERROR - Check friend online: org.apache.thrift.transport.TTransportException: java.net.ConnectException: Connection refused
2014-01-13 15:12:10,303 - business.controllers.FriendListController - ERROR - Check friend online: org.apache.thrift.transport.TTransportException: java.net.ConnectException: Connection refused
2014-01-13 15:12:30,301 - business.controllers.FriendListController - ERROR - Check friend online: org.apache.thrift.transport.TTransportException: java.net.ConnectException: Connection refused
2014-01-13 15:12:50,304 - business.controllers.FriendListController - ERROR - Check friend online: org.apache.thrift.transport.TTransportException: java.net.ConnectException: Connection refused
2014-01-13 15:13:10,302 - business.controllers.FriendListController - ERROR - Check friend online: org.apache.thrift.transport.TTransportException: java.net.ConnectException: Connection refused
2014-01-13 15:13:30,310 - business.controllers.FriendListController - ERROR - Check friend online: org.apache.thrift.transport.TTransportException: java.net.ConnectException: Connection refused
2014-01-13 15:13:50,305 - business.controllers.FriendListController - ERROR - Check friend online: org.apache.thrift.transport.TTransportException: java.net.ConnectException: Connection refused
