2014-01-03 12:28:52,081 - application.model.dao.EmotionDAO - ERROR - loadAllEmotion:org.apache.thrift.transport.TTransportException: java.net.ConnectException: Connection refused
2014-01-03 12:29:30,056 - application.model.dao.EmotionDAO - ERROR - loadAllEmotion:org.apache.thrift.transport.TTransportException: java.net.ConnectException: Connection refused
2014-01-03 12:29:31,464 - application.model.dao.EmotionDAO - ERROR - loadAllEmotion:org.apache.thrift.transport.TTransportException: java.net.ConnectException: Connection refused
2014-01-03 12:29:32,239 - application.model.dao.EmotionDAO - ERROR - loadAllEmotion:org.apache.thrift.transport.TTransportException: java.net.ConnectException: Connection refused
2014-01-03 12:29:49,849 - application.model.dao.EmotionDAO - ERROR - loadAllEmotion:org.apache.thrift.transport.TTransportException: java.net.ConnectException: Connection refused
2014-01-03 12:30:44,698 - application.model.dao.EmotionDAO - ERROR - loadAllEmotion:org.apache.thrift.transport.TTransportException: java.net.ConnectException: Connection refused
2014-01-07 14:35:48,764 - application.model.dao.GroupEmotionDAO - ERROR - deleteGroupEmotion:org.apache.thrift.transport.TTransportException
2014-01-07 14:49:12,556 - application.model.dao.EmotionDAO - ERROR - loadAllEmotion:org.apache.thrift.transport.TTransportException: java.net.ConnectException: Connection refused
2014-01-07 14:49:36,813 - application.model.dao.EmotionDAO - ERROR - loadAllEmotion:org.apache.thrift.transport.TTransportException: java.net.ConnectException: Connection refused
2014-01-07 17:02:06,558 - application.model.dao.GroupEmotionDAO - ERROR - getAllGroupEmotion:org.apache.thrift.transport.TTransportException: java.net.ConnectException: Connection refused
2014-01-07 17:02:06,559 - application.model.dao.EmotionDAO - ERROR - loadAllEmotion:org.apache.thrift.transport.TTransportException: java.net.ConnectException: Connection refused
2014-01-09 08:21:47,065 - application.model.dao.GroupEmotionDAO - ERROR - getAllGroupEmotion:org.apache.thrift.transport.TTransportException: java.net.ConnectException: Connection refused
2014-01-09 08:21:47,066 - application.model.dao.EmotionDAO - ERROR - loadAllEmotion:org.apache.thrift.transport.TTransportException: java.net.ConnectException: Connection refused
2014-01-09 09:33:45,108 - application.model.dao.EmotionDAO - ERROR - loadAllEmotion:org.apache.thrift.transport.TTransportException: java.net.ConnectException: Connection refused
2014-01-09 09:50:56,748 - application.model.dao.GroupEmotionDAO - ERROR - getAllGroupEmotion:org.apache.thrift.transport.TTransportException: java.net.ConnectException: Connection refused
2014-01-09 09:50:56,751 - application.model.dao.EmotionDAO - ERROR - loadAllEmotion:org.apache.thrift.transport.TTransportException: java.net.ConnectException: Connection refused
2014-01-09 09:51:02,955 - application.model.dao.GroupEmotionDAO - ERROR - getAllGroupEmotion:org.apache.thrift.transport.TTransportException: java.net.ConnectException: Connection refused
2014-01-09 09:51:02,957 - application.model.dao.EmotionDAO - ERROR - loadAllEmotion:org.apache.thrift.transport.TTransportException: java.net.ConnectException: Connection refused
2014-01-09 10:41:47,266 - application.model.dao.EmotionDAO - ERROR - loadAllEmotion:org.apache.thrift.transport.TTransportException: java.net.ConnectException: Connection refused
2014-01-09 10:41:49,931 - application.model.dao.EmotionDAO - ERROR - loadAllEmotion:org.apache.thrift.transport.TTransportException: java.net.ConnectException: Connection refused
2014-01-09 11:18:35,299 - application.model.dao.GroupEmotionDAO - ERROR - getAllGroupEmotion:org.apache.thrift.transport.TTransportException: java.net.ConnectException: Connection refused
2014-01-09 11:18:35,302 - application.model.dao.EmotionDAO - ERROR - loadAllEmotion:org.apache.thrift.transport.TTransportException: java.net.ConnectException: Connection refused
2014-01-09 11:18:55,130 - application.model.dao.GroupEmotionDAO - ERROR - getAllGroupEmotion:org.apache.thrift.transport.TTransportException: java.net.ConnectException: Connection refused
2014-01-09 11:18:55,132 - application.model.dao.EmotionDAO - ERROR - loadAllEmotion:org.apache.thrift.transport.TTransportException: java.net.ConnectException: Connection refused
2014-01-09 11:19:00,505 - application.model.dao.GroupEmotionDAO - ERROR - getAllGroupEmotion:org.apache.thrift.transport.TTransportException: java.net.ConnectException: Connection refused
2014-01-09 11:19:00,507 - application.model.dao.EmotionDAO - ERROR - loadAllEmotion:org.apache.thrift.transport.TTransportException: java.net.ConnectException: Connection refused
2014-01-11 16:05:37,261 - application.model.dao.GroupEmotionDAO - ERROR - getAllGroupEmotion:org.apache.thrift.transport.TTransportException: java.net.ConnectException: Connection refused
2014-01-11 16:05:37,273 - application.model.dao.EmotionDAO - ERROR - loadAllEmotion:org.apache.thrift.transport.TTransportException: java.net.ConnectException: Connection refused
2014-01-11 16:05:42,858 - application.model.dao.GroupEmotionDAO - ERROR - getAllGroupEmotion:org.apache.thrift.transport.TTransportException: java.net.ConnectException: Connection refused
2014-01-11 16:05:42,859 - application.model.dao.EmotionDAO - ERROR - loadAllEmotion:org.apache.thrift.transport.TTransportException: java.net.ConnectException: Connection refused
2014-01-12 11:55:41,373 - application.model.dao.EmotionDAO - ERROR - addEmotion: org.apache.thrift.transport.TTransportException
2014-01-12 11:55:41,384 - application.model.dao.EmotionDAO - ERROR - loadAllEmotion:org.apache.thrift.transport.TTransportException: java.net.ConnectException: Connection refused
2014-01-12 11:56:17,755 - application.model.dao.EmotionDAO - ERROR - loadAllEmotion:org.apache.thrift.transport.TTransportException: java.net.ConnectException: Connection refused
2014-01-12 11:56:18,456 - application.model.dao.EmotionDAO - ERROR - loadAllEmotion:org.apache.thrift.transport.TTransportException: java.net.ConnectException: Connection refused
2014-01-12 11:56:18,936 - application.model.dao.EmotionDAO - ERROR - loadAllEmotion:org.apache.thrift.transport.TTransportException: java.net.ConnectException: Connection refused
2014-01-12 11:56:19,296 - application.model.dao.EmotionDAO - ERROR - loadAllEmotion:org.apache.thrift.transport.TTransportException: java.net.ConnectException: Connection refused
2014-01-12 11:57:13,630 - application.model.dao.GroupEmotionDAO - ERROR - getAllGroupEmotion:org.apache.thrift.transport.TTransportException: java.net.ConnectException: Connection refused
2014-01-12 11:57:13,632 - application.model.dao.EmotionDAO - ERROR - loadAllEmotion:org.apache.thrift.transport.TTransportException: java.net.ConnectException: Connection refused
2014-01-12 11:57:15,875 - application.model.dao.GroupEmotionDAO - ERROR - getAllGroupEmotion:org.apache.thrift.transport.TTransportException: java.net.ConnectException: Connection refused
2014-01-12 11:57:15,876 - application.model.dao.EmotionDAO - ERROR - loadAllEmotion:org.apache.thrift.transport.TTransportException: java.net.ConnectException: Connection refused
2014-01-12 11:57:16,505 - application.model.dao.GroupEmotionDAO - ERROR - getAllGroupEmotion:org.apache.thrift.transport.TTransportException: java.net.ConnectException: Connection refused
2014-01-12 11:57:16,506 - application.model.dao.EmotionDAO - ERROR - loadAllEmotion:org.apache.thrift.transport.TTransportException: java.net.ConnectException: Connection refused
2014-01-12 18:58:15,473 - application.model.business.UserBO - ERROR - checkLogin:org.apache.thrift.transport.TTransportException: java.net.ConnectException: Connection refused
2014-01-12 18:59:49,208 - application.model.business.UserBO - ERROR - checkLogin:org.apache.thrift.transport.TTransportException: java.net.ConnectException: Connection refused
2014-01-12 19:10:47,211 - application.model.business.UserBO - ERROR - checkLogin:org.apache.thrift.transport.TTransportException: java.net.ConnectException: Connection refused
2014-01-12 19:21:46,160 - application.model.business.UserBO - ERROR - checkLogin:org.apache.thrift.transport.TTransportException: java.net.ConnectException: Connection refused
2014-01-12 19:22:01,706 - application.model.business.UserBO - ERROR - checkLogin:org.apache.thrift.transport.TTransportException: java.net.ConnectException: Connection refused
2014-01-12 19:22:07,697 - application.model.business.UserBO - ERROR - checkLogin:org.apache.thrift.transport.TTransportException: java.net.ConnectException: Connection refused
2014-01-12 19:22:24,108 - application.model.business.UserBO - ERROR - checkLogin:org.apache.thrift.transport.TTransportException: java.net.ConnectException: Connection refused
2014-01-12 19:22:38,786 - application.model.business.UserBO - ERROR - checkLogin:org.apache.thrift.transport.TTransportException: java.net.ConnectException: Connection refused
2014-01-12 19:22:53,279 - application.model.business.UserBO - ERROR - checkLogin:org.apache.thrift.transport.TTransportException: java.net.ConnectException: Connection refused
2014-01-12 19:23:23,812 - application.model.business.UserBO - ERROR - checkLogin:org.apache.thrift.transport.TTransportException: java.net.ConnectException: Connection refused
2014-01-12 19:23:58,019 - application.model.business.UserBO - ERROR - checkLogin:org.apache.thrift.transport.TTransportException: java.net.ConnectException: Connection refused
2014-01-12 19:23:59,197 - application.model.business.UserBO - ERROR - checkLogin:org.apache.thrift.transport.TTransportException: java.net.ConnectException: Connection refused
2014-01-12 19:24:00,186 - application.model.business.UserBO - ERROR - checkLogin:org.apache.thrift.transport.TTransportException: java.net.ConnectException: Connection refused
2014-01-12 19:24:02,391 - application.model.business.UserBO - ERROR - checkLogin:org.apache.thrift.transport.TTransportException: java.net.ConnectException: Connection refused
2014-01-12 19:24:02,761 - application.model.business.UserBO - ERROR - checkLogin:org.apache.thrift.transport.TTransportException: java.net.ConnectException: Connection refused
2014-01-12 19:24:03,016 - application.model.business.UserBO - ERROR - checkLogin:org.apache.thrift.transport.TTransportException: java.net.ConnectException: Connection refused
2014-01-12 19:24:03,271 - application.model.business.UserBO - ERROR - checkLogin:org.apache.thrift.transport.TTransportException: java.net.ConnectException: Connection refused
2014-01-12 19:24:03,477 - application.model.business.UserBO - ERROR - checkLogin:org.apache.thrift.transport.TTransportException: java.net.ConnectException: Connection refused
2014-01-12 19:24:05,764 - application.model.business.UserBO - ERROR - checkLogin:org.apache.thrift.transport.TTransportException: java.net.ConnectException: Connection refused
2014-01-12 19:25:22,443 - application.model.business.UserBO - ERROR - checkLogin:org.apache.thrift.transport.TTransportException: java.net.ConnectException: Connection refused
2014-01-12 19:25:22,674 - application.model.business.UserBO - ERROR - checkLogin:org.apache.thrift.transport.TTransportException: java.net.ConnectException: Connection refused
2014-01-12 19:25:25,092 - application.model.business.UserBO - ERROR - checkLogin:org.apache.thrift.transport.TTransportException: java.net.ConnectException: Connection refused
2014-01-12 19:25:26,191 - application.model.business.UserBO - ERROR - checkLogin:org.apache.thrift.transport.TTransportException: java.net.ConnectException: Connection refused
2014-01-12 19:25:27,085 - application.model.business.UserBO - ERROR - checkLogin:org.apache.thrift.transport.TTransportException: java.net.ConnectException: Connection refused
2014-01-12 19:25:27,851 - application.model.business.UserBO - ERROR - checkLogin:org.apache.thrift.transport.TTransportException: java.net.ConnectException: Connection refused
2014-01-12 19:25:28,148 - application.model.business.UserBO - ERROR - checkLogin:org.apache.thrift.transport.TTransportException: java.net.ConnectException: Connection refused
2014-01-12 19:25:28,337 - application.model.business.UserBO - ERROR - checkLogin:org.apache.thrift.transport.TTransportException: java.net.ConnectException: Connection refused
2014-01-12 19:25:28,608 - application.model.business.UserBO - ERROR - checkLogin:org.apache.thrift.transport.TTransportException: java.net.ConnectException: Connection refused
2014-01-12 19:25:28,888 - application.model.business.UserBO - ERROR - checkLogin:org.apache.thrift.transport.TTransportException: java.net.ConnectException: Connection refused
2014-01-12 19:25:29,119 - application.model.business.UserBO - ERROR - checkLogin:org.apache.thrift.transport.TTransportException: java.net.ConnectException: Connection refused
2014-01-12 19:25:29,361 - application.model.business.UserBO - ERROR - checkLogin:org.apache.thrift.transport.TTransportException: java.net.ConnectException: Connection refused
2014-01-12 19:25:30,317 - application.model.business.UserBO - ERROR - checkLogin:org.apache.thrift.transport.TTransportException: java.net.ConnectException: Connection refused
2014-01-12 19:25:31,592 - application.model.business.UserBO - ERROR - checkLogin:org.apache.thrift.transport.TTransportException: java.net.ConnectException: Connection refused
2014-01-12 19:25:37,392 - application.model.business.UserBO - ERROR - checkLogin:org.apache.thrift.transport.TTransportException: java.net.ConnectException: Connection refused
2014-01-12 19:26:06,240 - application.model.business.UserBO - ERROR - checkLogin:org.apache.thrift.transport.TTransportException: java.net.ConnectException: Connection refused
2014-01-12 19:26:14,643 - application.model.business.UserBO - ERROR - checkLogin:org.apache.thrift.transport.TTransportException: java.net.ConnectException: Connection refused
2014-01-12 19:27:26,085 - application.model.business.UserBO - ERROR - checkLogin:org.apache.thrift.transport.TTransportException: java.net.ConnectException: Connection refused
2014-01-12 19:28:08,417 - application.model.business.UserBO - ERROR - checkLogin:org.apache.thrift.transport.TTransportException: java.net.ConnectException: Connection refused
2014-01-12 19:29:43,431 - application.model.business.UserBO - ERROR - checkLogin:org.apache.thrift.transport.TTransportException: java.net.ConnectException: Connection refused
2014-01-12 19:30:20,263 - application.model.business.UserBO - ERROR - checkLogin:org.apache.thrift.transport.TTransportException: java.net.ConnectException: Connection refused
2014-01-12 19:39:49,002 - application.model.business.UserBO - ERROR - checkLogin:org.apache.thrift.transport.TTransportException: java.net.ConnectException: Connection refused
2014-01-12 19:40:12,650 - application.model.business.UserBO - ERROR - checkLogin:org.apache.thrift.transport.TTransportException: java.net.ConnectException: Connection refused
2014-01-12 19:40:57,615 - application.model.business.UserBO - ERROR - checkLogin:org.apache.thrift.transport.TTransportException: java.net.ConnectException: Connection refused
2014-01-12 19:41:43,486 - application.model.business.UserBO - ERROR - checkLogin:org.apache.thrift.transport.TTransportException: java.net.ConnectException: Connection refused
2014-01-12 19:41:44,179 - application.model.business.UserBO - ERROR - checkLogin:org.apache.thrift.transport.TTransportException: java.net.ConnectException: Connection refused
2014-01-12 19:41:44,618 - application.model.business.UserBO - ERROR - checkLogin:org.apache.thrift.transport.TTransportException: java.net.ConnectException: Connection refused
2014-01-12 19:41:44,804 - application.model.business.UserBO - ERROR - checkLogin:org.apache.thrift.transport.TTransportException: java.net.ConnectException: Connection refused
2014-01-12 19:41:44,974 - application.model.business.UserBO - ERROR - checkLogin:org.apache.thrift.transport.TTransportException: java.net.ConnectException: Connection refused
2014-01-12 19:41:45,160 - application.model.business.UserBO - ERROR - checkLogin:org.apache.thrift.transport.TTransportException: java.net.ConnectException: Connection refused
2014-01-12 19:41:45,329 - application.model.business.UserBO - ERROR - checkLogin:org.apache.thrift.transport.TTransportException: java.net.ConnectException: Connection refused
2014-01-12 19:41:45,497 - application.model.business.UserBO - ERROR - checkLogin:org.apache.thrift.transport.TTransportException: java.net.ConnectException: Connection refused
2014-01-12 19:41:45,702 - application.model.business.UserBO - ERROR - checkLogin:org.apache.thrift.transport.TTransportException: java.net.ConnectException: Connection refused
