2014-01-09 09:29:12,263 - middleware.backend.BackEndHandler - ERROR - sendMessageInternal: org.apache.thrift.transport.TTransportException: java.net.SocketException: Broken pipe
2014-01-09 09:29:12,267 - middleware.backend.BackEndHandler - ERROR - sendMessageInternal: org.apache.thrift.transport.TTransportException: java.net.SocketException: Broken pipe
2014-01-09 09:29:12,273 - middleware.backend.BackEndHandler - ERROR - sendMessageInternal: org.apache.thrift.transport.TTransportException: java.net.SocketException: Broken pipe
2014-01-09 09:29:12,278 - middleware.backend.BackEndHandler - ERROR - sendMessageInternal: org.apache.thrift.transport.TTransportException: java.net.SocketException: Broken pipe
2014-01-09 09:29:12,283 - middleware.backend.BackEndHandler - ERROR - sendMessageInternal: org.apache.thrift.transport.TTransportException: java.net.SocketException: Broken pipe
2014-01-09 09:29:12,288 - middleware.backend.BackEndHandler - ERROR - sendMessageInternal: org.apache.thrift.transport.TTransportException: java.net.SocketException: Broken pipe
2014-01-09 09:29:12,293 - middleware.backend.BackEndHandler - ERROR - sendMessageInternal: org.apache.thrift.transport.TTransportException: java.net.SocketException: Broken pipe
2014-01-09 09:29:12,298 - middleware.backend.BackEndHandler - ERROR - sendMessageInternal: org.apache.thrift.transport.TTransportException: java.net.SocketException: Broken pipe
2014-01-09 09:29:12,303 - middleware.backend.BackEndHandler - ERROR - sendMessageInternal: org.apache.thrift.transport.TTransportException: java.net.SocketException: Broken pipe
2014-01-09 09:29:12,308 - middleware.backend.BackEndHandler - ERROR - sendMessageInternal: org.apache.thrift.transport.TTransportException: java.net.SocketException: Broken pipe
2014-01-09 09:29:12,314 - middleware.backend.BackEndHandler - ERROR - sendMessageInternal: org.apache.thrift.transport.TTransportException: java.net.SocketException: Broken pipe
2014-01-09 09:29:12,319 - middleware.backend.BackEndHandler - ERROR - sendMessageInternal: org.apache.thrift.transport.TTransportException: java.net.SocketException: Broken pipe
2014-01-09 09:29:12,323 - middleware.backend.BackEndHandler - ERROR - sendMessageInternal: org.apache.thrift.transport.TTransportException: java.net.SocketException: Broken pipe
2014-01-09 09:29:12,328 - middleware.backend.BackEndHandler - ERROR - sendMessageInternal: org.apache.thrift.transport.TTransportException: java.net.SocketException: Broken pipe
2014-01-09 09:29:12,334 - middleware.backend.BackEndHandler - ERROR - sendMessageInternal: org.apache.thrift.transport.TTransportException: java.net.SocketException: Broken pipe
2014-01-09 09:29:12,340 - middleware.backend.BackEndHandler - ERROR - sendMessageInternal: org.apache.thrift.transport.TTransportException: java.net.SocketException: Broken pipe
2014-01-09 09:29:12,345 - middleware.backend.BackEndHandler - ERROR - sendMessageInternal: org.apache.thrift.transport.TTransportException: java.net.SocketException: Broken pipe
2014-01-09 09:29:12,350 - middleware.backend.BackEndHandler - ERROR - sendMessageInternal: org.apache.thrift.transport.TTransportException: java.net.SocketException: Broken pipe
2014-01-09 09:29:12,355 - middleware.backend.BackEndHandler - ERROR - sendMessageInternal: org.apache.thrift.transport.TTransportException: java.net.SocketException: Broken pipe
2014-01-09 09:29:12,359 - middleware.backend.BackEndHandler - ERROR - sendMessageInternal: org.apache.thrift.transport.TTransportException: java.net.SocketException: Broken pipe
2014-01-09 09:29:12,364 - middleware.backend.BackEndHandler - ERROR - sendMessageInternal: org.apache.thrift.transport.TTransportException: java.net.SocketException: Broken pipe
2014-01-09 09:29:12,369 - middleware.backend.BackEndHandler - ERROR - sendMessageInternal: org.apache.thrift.transport.TTransportException: java.net.SocketException: Broken pipe
2014-01-09 09:29:12,374 - middleware.backend.BackEndHandler - ERROR - sendMessageInternal: org.apache.thrift.transport.TTransportException: java.net.SocketException: Broken pipe
2014-01-09 09:29:12,379 - middleware.backend.BackEndHandler - ERROR - sendMessageInternal: org.apache.thrift.transport.TTransportException: java.net.SocketException: Broken pipe
2014-01-09 09:29:12,384 - middleware.backend.BackEndHandler - ERROR - sendMessageInternal: org.apache.thrift.transport.TTransportException: java.net.SocketException: Broken pipe
2014-01-09 09:29:12,389 - middleware.backend.BackEndHandler - ERROR - sendMessageInternal: org.apache.thrift.transport.TTransportException: java.net.SocketException: Broken pipe
2014-01-09 09:29:12,394 - middleware.backend.BackEndHandler - ERROR - sendMessageInternal: org.apache.thrift.transport.TTransportException: java.net.SocketException: Broken pipe
2014-01-09 09:29:12,413 - middleware.backend.BackEndHandler - ERROR - sendMessageInternal: org.apache.thrift.transport.TTransportException: java.net.SocketException: Broken pipe
2014-01-09 09:29:12,419 - middleware.backend.BackEndHandler - ERROR - sendMessageInternal: org.apache.thrift.transport.TTransportException: java.net.SocketException: Broken pipe
2014-01-09 09:29:12,430 - middleware.backend.BackEndHandler - ERROR - sendMessageInternal: org.apache.thrift.transport.TTransportException: java.net.SocketException: Broken pipe
2014-01-09 09:29:12,435 - middleware.backend.BackEndHandler - ERROR - sendMessageInternal: org.apache.thrift.transport.TTransportException: java.net.SocketException: Broken pipe
2014-01-09 09:29:12,439 - middleware.backend.BackEndHandler - ERROR - sendMessageInternal: org.apache.thrift.transport.TTransportException: java.net.SocketException: Broken pipe
2014-01-09 09:29:12,444 - middleware.backend.BackEndHandler - ERROR - sendMessageInternal: org.apache.thrift.transport.TTransportException: java.net.SocketException: Broken pipe
2014-01-09 09:29:12,455 - middleware.backend.BackEndHandler - ERROR - sendMessageInternal: org.apache.thrift.transport.TTransportException: java.net.SocketException: Broken pipe
2014-01-09 09:29:12,460 - middleware.backend.BackEndHandler - ERROR - sendMessageInternal: org.apache.thrift.transport.TTransportException: java.net.SocketException: Broken pipe
2014-01-09 09:29:12,465 - middleware.backend.BackEndHandler - ERROR - sendMessageInternal: org.apache.thrift.transport.TTransportException: java.net.SocketException: Broken pipe
2014-01-09 09:29:12,472 - middleware.backend.BackEndHandler - ERROR - sendMessageInternal: org.apache.thrift.transport.TTransportException: java.net.SocketException: Broken pipe
2014-01-09 09:29:12,479 - middleware.backend.BackEndHandler - ERROR - sendMessageInternal: org.apache.thrift.transport.TTransportException: java.net.SocketException: Broken pipe
2014-01-09 09:29:12,484 - middleware.backend.BackEndHandler - ERROR - sendMessageInternal: org.apache.thrift.transport.TTransportException: java.net.SocketException: Broken pipe
2014-01-09 09:29:12,489 - middleware.backend.BackEndHandler - ERROR - sendMessageInternal: org.apache.thrift.transport.TTransportException: java.net.SocketException: Broken pipe
2014-01-09 09:29:12,499 - middleware.backend.BackEndHandler - ERROR - sendMessageInternal: org.apache.thrift.transport.TTransportException: java.net.SocketException: Broken pipe
2014-01-09 09:29:12,509 - middleware.backend.BackEndHandler - ERROR - sendMessageInternal: org.apache.thrift.transport.TTransportException: java.net.SocketException: Broken pipe
2014-01-09 09:29:12,514 - middleware.backend.BackEndHandler - ERROR - sendMessageInternal: org.apache.thrift.transport.TTransportException: java.net.SocketException: Broken pipe
2014-01-09 09:29:12,520 - middleware.backend.BackEndHandler - ERROR - sendMessageInternal: org.apache.thrift.transport.TTransportException: java.net.SocketException: Broken pipe
2014-01-09 09:29:12,525 - middleware.backend.BackEndHandler - ERROR - sendMessageInternal: org.apache.thrift.transport.TTransportException: java.net.SocketException: Broken pipe
2014-01-09 09:29:12,532 - middleware.backend.BackEndHandler - ERROR - sendMessageInternal: org.apache.thrift.transport.TTransportException: java.net.SocketException: Broken pipe
2014-01-09 09:29:12,537 - middleware.backend.BackEndHandler - ERROR - sendMessageInternal: org.apache.thrift.transport.TTransportException: java.net.SocketException: Broken pipe
2014-01-09 09:29:12,544 - middleware.backend.BackEndHandler - ERROR - sendMessageInternal: org.apache.thrift.transport.TTransportException: java.net.SocketException: Broken pipe
2014-01-09 09:29:12,552 - middleware.backend.BackEndHandler - ERROR - sendMessageInternal: org.apache.thrift.transport.TTransportException: java.net.SocketException: Broken pipe
2014-01-09 09:29:12,559 - middleware.backend.BackEndHandler - ERROR - sendMessageInternal: org.apache.thrift.transport.TTransportException: java.net.SocketException: Broken pipe
2014-01-09 09:29:12,565 - middleware.backend.BackEndHandler - ERROR - sendMessageInternal: org.apache.thrift.transport.TTransportException: java.net.SocketException: Broken pipe
2014-01-09 09:29:12,570 - middleware.backend.BackEndHandler - ERROR - sendMessageInternal: org.apache.thrift.transport.TTransportException: java.net.SocketException: Broken pipe
2014-01-09 09:29:12,574 - middleware.backend.BackEndHandler - ERROR - sendMessageInternal: org.apache.thrift.transport.TTransportException: java.net.SocketException: Broken pipe
2014-01-09 09:29:12,579 - middleware.backend.BackEndHandler - ERROR - sendMessageInternal: org.apache.thrift.transport.TTransportException: java.net.SocketException: Broken pipe
2014-01-09 09:29:12,586 - middleware.backend.BackEndHandler - ERROR - sendMessageInternal: org.apache.thrift.transport.TTransportException: java.net.SocketException: Broken pipe
2014-01-09 09:29:12,591 - middleware.backend.BackEndHandler - ERROR - sendMessageInternal: org.apache.thrift.transport.TTransportException: java.net.SocketException: Broken pipe
2014-01-09 09:29:12,597 - middleware.backend.BackEndHandler - ERROR - sendMessageInternal: org.apache.thrift.transport.TTransportException: java.net.SocketException: Broken pipe
2014-01-09 09:29:12,602 - middleware.backend.BackEndHandler - ERROR - sendMessageInternal: org.apache.thrift.transport.TTransportException: java.net.SocketException: Broken pipe
2014-01-09 09:29:12,608 - middleware.backend.BackEndHandler - ERROR - sendMessageInternal: org.apache.thrift.transport.TTransportException: java.net.SocketException: Broken pipe
2014-01-09 09:29:12,613 - middleware.backend.BackEndHandler - ERROR - sendMessageInternal: org.apache.thrift.transport.TTransportException: java.net.SocketException: Broken pipe
2014-01-09 09:29:12,619 - middleware.backend.BackEndHandler - ERROR - sendMessageInternal: org.apache.thrift.transport.TTransportException: java.net.SocketException: Broken pipe
2014-01-09 09:29:12,624 - middleware.backend.BackEndHandler - ERROR - sendMessageInternal: org.apache.thrift.transport.TTransportException: java.net.SocketException: Broken pipe
2014-01-09 09:29:12,629 - middleware.backend.BackEndHandler - ERROR - sendMessageInternal: org.apache.thrift.transport.TTransportException: java.net.SocketException: Broken pipe
2014-01-09 09:29:12,634 - middleware.backend.BackEndHandler - ERROR - sendMessageInternal: org.apache.thrift.transport.TTransportException: java.net.SocketException: Broken pipe
2014-01-09 09:29:12,639 - middleware.backend.BackEndHandler - ERROR - sendMessageInternal: org.apache.thrift.transport.TTransportException: java.net.SocketException: Broken pipe
2014-01-09 09:29:12,643 - middleware.backend.BackEndHandler - ERROR - sendMessageInternal: org.apache.thrift.transport.TTransportException: java.net.SocketException: Broken pipe
2014-01-09 09:29:12,649 - middleware.backend.BackEndHandler - ERROR - sendMessageInternal: org.apache.thrift.transport.TTransportException: java.net.SocketException: Broken pipe
2014-01-09 09:29:12,656 - middleware.backend.BackEndHandler - ERROR - sendMessageInternal: org.apache.thrift.transport.TTransportException: java.net.SocketException: Broken pipe
2014-01-09 09:29:12,661 - middleware.backend.BackEndHandler - ERROR - sendMessageInternal: org.apache.thrift.transport.TTransportException: java.net.SocketException: Broken pipe
2014-01-09 09:29:12,666 - middleware.backend.BackEndHandler - ERROR - sendMessageInternal: org.apache.thrift.transport.TTransportException: java.net.SocketException: Broken pipe
2014-01-09 09:29:12,671 - middleware.backend.BackEndHandler - ERROR - sendMessageInternal: org.apache.thrift.transport.TTransportException: java.net.SocketException: Broken pipe
2014-01-09 09:29:12,676 - middleware.backend.BackEndHandler - ERROR - sendMessageInternal: org.apache.thrift.transport.TTransportException: java.net.SocketException: Broken pipe
2014-01-09 09:29:12,681 - middleware.backend.BackEndHandler - ERROR - sendMessageInternal: org.apache.thrift.transport.TTransportException: java.net.SocketException: Broken pipe
2014-01-09 09:29:12,686 - middleware.backend.BackEndHandler - ERROR - sendMessageInternal: org.apache.thrift.transport.TTransportException: java.net.SocketException: Broken pipe
2014-01-09 09:29:12,691 - middleware.backend.BackEndHandler - ERROR - sendMessageInternal: org.apache.thrift.transport.TTransportException: java.net.SocketException: Broken pipe
2014-01-09 09:29:12,696 - middleware.backend.BackEndHandler - ERROR - sendMessageInternal: org.apache.thrift.transport.TTransportException: java.net.SocketException: Broken pipe
2014-01-09 09:29:12,701 - middleware.backend.BackEndHandler - ERROR - sendMessageInternal: org.apache.thrift.transport.TTransportException: java.net.SocketException: Broken pipe
2014-01-09 09:29:12,706 - middleware.backend.BackEndHandler - ERROR - sendMessageInternal: org.apache.thrift.transport.TTransportException: java.net.SocketException: Broken pipe
2014-01-09 09:29:12,712 - middleware.backend.BackEndHandler - ERROR - sendMessageInternal: org.apache.thrift.transport.TTransportException: java.net.SocketException: Broken pipe
2014-01-09 09:29:12,717 - middleware.backend.BackEndHandler - ERROR - sendMessageInternal: org.apache.thrift.transport.TTransportException: java.net.SocketException: Broken pipe
2014-01-09 09:29:12,722 - middleware.backend.BackEndHandler - ERROR - sendMessageInternal: org.apache.thrift.transport.TTransportException: java.net.SocketException: Broken pipe
2014-01-09 09:29:12,730 - middleware.backend.BackEndHandler - ERROR - sendMessageInternal: org.apache.thrift.transport.TTransportException: java.net.SocketException: Broken pipe
2014-01-09 09:29:12,734 - middleware.backend.BackEndHandler - ERROR - sendMessageInternal: org.apache.thrift.transport.TTransportException: java.net.SocketException: Broken pipe
2014-01-09 09:29:12,740 - middleware.backend.BackEndHandler - ERROR - sendMessageInternal: org.apache.thrift.transport.TTransportException: java.net.SocketException: Broken pipe
2014-01-09 09:29:12,746 - middleware.backend.BackEndHandler - ERROR - sendMessageInternal: org.apache.thrift.transport.TTransportException: java.net.SocketException: Broken pipe
2014-01-09 09:29:12,750 - middleware.backend.BackEndHandler - ERROR - sendMessageInternal: org.apache.thrift.transport.TTransportException: java.net.SocketException: Broken pipe
2014-01-09 09:29:12,755 - middleware.backend.BackEndHandler - ERROR - sendMessageInternal: org.apache.thrift.transport.TTransportException: java.net.SocketException: Broken pipe
2014-01-09 09:29:12,760 - middleware.backend.BackEndHandler - ERROR - sendMessageInternal: org.apache.thrift.transport.TTransportException: java.net.SocketException: Broken pipe
2014-01-09 09:29:12,765 - middleware.backend.BackEndHandler - ERROR - sendMessageInternal: org.apache.thrift.transport.TTransportException: java.net.SocketException: Broken pipe
2014-01-09 09:29:12,770 - middleware.backend.BackEndHandler - ERROR - sendMessageInternal: org.apache.thrift.transport.TTransportException: java.net.SocketException: Broken pipe
2014-01-09 09:29:12,774 - middleware.backend.BackEndHandler - ERROR - sendMessageInternal: org.apache.thrift.transport.TTransportException: java.net.SocketException: Broken pipe
2014-01-09 09:29:12,780 - middleware.backend.BackEndHandler - ERROR - sendMessageInternal: org.apache.thrift.transport.TTransportException: java.net.SocketException: Broken pipe
2014-01-09 09:29:12,785 - middleware.backend.BackEndHandler - ERROR - sendMessageInternal: org.apache.thrift.transport.TTransportException: java.net.SocketException: Broken pipe
2014-01-09 09:29:12,791 - middleware.backend.BackEndHandler - ERROR - sendMessageInternal: org.apache.thrift.transport.TTransportException: java.net.SocketException: Broken pipe
2014-01-09 09:29:12,796 - middleware.backend.BackEndHandler - ERROR - sendMessageInternal: org.apache.thrift.transport.TTransportException: java.net.SocketException: Broken pipe
2014-01-09 09:29:12,802 - middleware.backend.BackEndHandler - ERROR - sendMessageInternal: org.apache.thrift.transport.TTransportException: java.net.SocketException: Broken pipe
2014-01-09 09:29:12,807 - middleware.backend.BackEndHandler - ERROR - sendMessageInternal: org.apache.thrift.transport.TTransportException: java.net.SocketException: Broken pipe
2014-01-09 09:29:12,813 - middleware.backend.BackEndHandler - ERROR - sendMessageInternal: org.apache.thrift.transport.TTransportException: java.net.SocketException: Broken pipe
2014-01-09 09:29:12,823 - middleware.backend.BackEndHandler - ERROR - sendMessageInternal: org.apache.thrift.transport.TTransportException: java.net.SocketException: Broken pipe
2014-01-09 09:29:12,833 - middleware.backend.BackEndHandler - ERROR - sendMessageInternal: org.apache.thrift.transport.TTransportException: java.net.SocketException: Broken pipe
2014-01-09 09:29:12,844 - middleware.backend.BackEndHandler - ERROR - sendMessageInternal: org.apache.thrift.transport.TTransportException: java.net.SocketException: Broken pipe
2014-01-09 09:29:12,851 - middleware.backend.BackEndHandler - ERROR - sendMessageInternal: org.apache.thrift.transport.TTransportException: java.net.SocketException: Broken pipe
2014-01-09 09:29:12,857 - middleware.backend.BackEndHandler - ERROR - sendMessageInternal: org.apache.thrift.transport.TTransportException: java.net.SocketException: Broken pipe
2014-01-09 09:29:12,862 - middleware.backend.BackEndHandler - ERROR - sendMessageInternal: org.apache.thrift.transport.TTransportException: java.net.SocketException: Broken pipe
2014-01-09 09:29:12,867 - middleware.backend.BackEndHandler - ERROR - sendMessageInternal: org.apache.thrift.transport.TTransportException: java.net.SocketException: Broken pipe
2014-01-09 09:29:12,873 - middleware.backend.BackEndHandler - ERROR - sendMessageInternal: org.apache.thrift.transport.TTransportException: java.net.SocketException: Broken pipe
2014-01-09 09:29:12,879 - middleware.backend.BackEndHandler - ERROR - sendMessageInternal: org.apache.thrift.transport.TTransportException: java.net.SocketException: Broken pipe
2014-01-09 09:29:12,886 - middleware.backend.BackEndHandler - ERROR - sendMessageInternal: org.apache.thrift.transport.TTransportException: java.net.SocketException: Broken pipe
2014-01-09 09:29:12,891 - middleware.backend.BackEndHandler - ERROR - sendMessageInternal: org.apache.thrift.transport.TTransportException: java.net.SocketException: Broken pipe
2014-01-09 09:29:12,896 - middleware.backend.BackEndHandler - ERROR - sendMessageInternal: org.apache.thrift.transport.TTransportException: java.net.SocketException: Broken pipe
2014-01-09 09:29:12,901 - middleware.backend.BackEndHandler - ERROR - sendMessageInternal: org.apache.thrift.transport.TTransportException: java.net.SocketException: Broken pipe
2014-01-09 09:29:12,906 - middleware.backend.BackEndHandler - ERROR - sendMessageInternal: org.apache.thrift.transport.TTransportException: java.net.SocketException: Broken pipe
2014-01-09 09:29:12,910 - middleware.backend.BackEndHandler - ERROR - sendMessageInternal: org.apache.thrift.transport.TTransportException: java.net.SocketException: Broken pipe
2014-01-09 09:29:12,917 - middleware.backend.BackEndHandler - ERROR - sendMessageInternal: org.apache.thrift.transport.TTransportException: java.net.SocketException: Broken pipe
2014-01-09 09:29:12,922 - middleware.backend.BackEndHandler - ERROR - sendMessageInternal: org.apache.thrift.transport.TTransportException: java.net.SocketException: Broken pipe
2014-01-09 09:29:12,928 - middleware.backend.BackEndHandler - ERROR - sendMessageInternal: org.apache.thrift.transport.TTransportException: java.net.SocketException: Broken pipe
2014-01-09 09:29:12,934 - middleware.backend.BackEndHandler - ERROR - sendMessageInternal: org.apache.thrift.transport.TTransportException: java.net.SocketException: Broken pipe
2014-01-09 09:29:12,939 - middleware.backend.BackEndHandler - ERROR - sendMessageInternal: org.apache.thrift.transport.TTransportException: java.net.SocketException: Broken pipe
2014-01-09 09:29:12,944 - middleware.backend.BackEndHandler - ERROR - sendMessageInternal: org.apache.thrift.transport.TTransportException: java.net.SocketException: Broken pipe
2014-01-09 09:29:12,948 - middleware.backend.BackEndHandler - ERROR - sendMessageInternal: org.apache.thrift.transport.TTransportException: java.net.SocketException: Broken pipe
2014-01-09 09:29:12,954 - middleware.backend.BackEndHandler - ERROR - sendMessageInternal: org.apache.thrift.transport.TTransportException: java.net.SocketException: Broken pipe
2014-01-09 09:29:12,960 - middleware.backend.BackEndHandler - ERROR - sendMessageInternal: org.apache.thrift.transport.TTransportException: java.net.SocketException: Broken pipe
2014-01-09 09:29:12,966 - middleware.backend.BackEndHandler - ERROR - sendMessageInternal: org.apache.thrift.transport.TTransportException: java.net.SocketException: Broken pipe
2014-01-09 09:29:12,975 - middleware.backend.BackEndHandler - ERROR - sendMessageInternal: org.apache.thrift.transport.TTransportException: java.net.SocketException: Broken pipe
2014-01-09 09:29:12,986 - middleware.backend.BackEndHandler - ERROR - sendMessageInternal: org.apache.thrift.transport.TTransportException: java.net.SocketException: Broken pipe
2014-01-09 09:29:12,995 - middleware.backend.BackEndHandler - ERROR - sendMessageInternal: org.apache.thrift.transport.TTransportException: java.net.SocketException: Broken pipe
2014-01-09 09:29:13,004 - middleware.backend.BackEndHandler - ERROR - sendMessageInternal: org.apache.thrift.transport.TTransportException: java.net.SocketException: Broken pipe
2014-01-09 09:29:13,014 - middleware.backend.BackEndHandler - ERROR - sendMessageInternal: org.apache.thrift.transport.TTransportException: java.net.SocketException: Broken pipe
2014-01-09 09:29:13,020 - middleware.backend.BackEndHandler - ERROR - sendMessageInternal: org.apache.thrift.transport.TTransportException: java.net.SocketException: Broken pipe
2014-01-09 09:29:13,027 - middleware.backend.BackEndHandler - ERROR - sendMessageInternal: org.apache.thrift.transport.TTransportException: java.net.SocketException: Broken pipe
2014-01-09 09:29:13,036 - middleware.backend.BackEndHandler - ERROR - sendMessageInternal: org.apache.thrift.transport.TTransportException: java.net.SocketException: Broken pipe
2014-01-09 09:29:13,042 - middleware.backend.BackEndHandler - ERROR - sendMessageInternal: org.apache.thrift.transport.TTransportException: java.net.SocketException: Broken pipe
2014-01-09 09:29:13,047 - middleware.backend.BackEndHandler - ERROR - sendMessageInternal: org.apache.thrift.transport.TTransportException: java.net.SocketException: Broken pipe
2014-01-09 09:29:13,056 - middleware.backend.BackEndHandler - ERROR - sendMessageInternal: org.apache.thrift.transport.TTransportException: java.net.SocketException: Broken pipe
2014-01-09 09:29:13,065 - middleware.backend.BackEndHandler - ERROR - sendMessageInternal: org.apache.thrift.transport.TTransportException: java.net.SocketException: Broken pipe
2014-01-09 09:29:13,075 - middleware.backend.BackEndHandler - ERROR - sendMessageInternal: org.apache.thrift.transport.TTransportException: java.net.SocketException: Broken pipe
2014-01-09 09:29:13,084 - middleware.backend.BackEndHandler - ERROR - sendMessageInternal: org.apache.thrift.transport.TTransportException: java.net.SocketException: Broken pipe
2014-01-09 09:29:13,093 - middleware.backend.BackEndHandler - ERROR - sendMessageInternal: org.apache.thrift.transport.TTransportException: java.net.SocketException: Broken pipe
2014-01-09 09:29:13,103 - middleware.backend.BackEndHandler - ERROR - sendMessageInternal: org.apache.thrift.transport.TTransportException: java.net.SocketException: Broken pipe
2014-01-09 09:29:13,114 - middleware.backend.BackEndHandler - ERROR - sendMessageInternal: org.apache.thrift.transport.TTransportException: java.net.SocketException: Broken pipe
2014-01-09 09:29:13,125 - middleware.backend.BackEndHandler - ERROR - sendMessageInternal: org.apache.thrift.transport.TTransportException: java.net.SocketException: Broken pipe
2014-01-09 09:29:13,135 - middleware.backend.BackEndHandler - ERROR - sendMessageInternal: org.apache.thrift.transport.TTransportException: java.net.SocketException: Broken pipe
2014-01-09 09:29:13,142 - middleware.backend.BackEndHandler - ERROR - sendMessageInternal: org.apache.thrift.transport.TTransportException: java.net.SocketException: Broken pipe
2014-01-09 09:29:13,152 - middleware.backend.BackEndHandler - ERROR - sendMessageInternal: org.apache.thrift.transport.TTransportException: java.net.SocketException: Broken pipe
2014-01-09 11:32:47,480 - middleware.backend.BackEndHandler - ERROR - loadAllEmotion: org.apache.thrift.transport.TTransportException: java.net.ConnectException: Connection refused
2014-01-09 11:33:16,499 - middleware.backend.BackEndHandler - ERROR - loadAllEmotion: org.apache.thrift.transport.TTransportException: java.net.ConnectException: Connection refused
2014-01-09 11:42:51,096 - middleware.backend.BackEndHandler - ERROR - loadAllEmotion: org.apache.thrift.transport.TTransportException: java.net.ConnectException: Connection refused
2014-01-09 11:43:17,768 - middleware.backend.BackEndHandler - ERROR - loadAllEmotion: org.apache.thrift.transport.TTransportException: java.net.ConnectException: Connection refused
2014-01-09 11:43:42,235 - middleware.backend.BackEndHandler - ERROR - loadAllEmotion: org.apache.thrift.transport.TTransportException: java.net.ConnectException: Connection refused
2014-01-09 11:43:46,821 - middleware.backend.BackEndHandler - ERROR - loadAllEmotion: org.apache.thrift.transport.TTransportException: java.net.ConnectException: Connection refused
2014-01-09 11:43:52,489 - middleware.backend.BackEndHandler - ERROR - loadAllEmotion: org.apache.thrift.transport.TTransportException: java.net.ConnectException: Connection refused
2014-01-09 15:33:23,135 - middleware.backend.BackEndHandler - ERROR - checkOfflineMessage: org.apache.thrift.transport.TTransportException: java.net.ConnectException: Connection refused
2014-01-09 15:33:24,362 - middleware.backend.BackEndHandler - ERROR - loadAllEmotion: org.apache.thrift.transport.TTransportException: java.net.ConnectException: Connection refused
2014-01-09 15:34:35,381 - middleware.backend.BackEndHandler - ERROR - checkOfflineMessage: org.apache.thrift.transport.TTransportException: java.net.ConnectException: Connection refused
2014-01-09 15:34:36,073 - middleware.backend.BackEndHandler - ERROR - checkOfflineMessage: org.apache.thrift.transport.TTransportException: java.net.ConnectException: Connection refused
2014-01-09 15:34:39,698 - middleware.backend.BackEndHandler - ERROR - checkOfflineMessage: org.apache.thrift.transport.TTransportException: java.net.ConnectException: Connection refused
2014-01-09 15:35:05,704 - middleware.backend.BackEndHandler - ERROR - checkOfflineMessage: org.apache.thrift.transport.TTransportException: java.net.ConnectException: Connection refused
2014-01-09 15:41:18,806 - middleware.backend.BackEndHandler - ERROR - loadAllEmotion: org.apache.thrift.transport.TTransportException: java.net.ConnectException: Connection refused
2014-01-09 15:41:18,885 - middleware.backend.BackEndHandler - ERROR - checkOfflineMessage: org.apache.thrift.transport.TTransportException: java.net.ConnectException: Connection refused
2014-01-10 09:15:03,443 - middleware.backend.BackEndHandler - ERROR - getMessageIdList: org.apache.thrift.transport.TTransportException: java.net.ConnectException: Connection refused
2014-01-10 09:19:51,412 - middleware.backend.BackEndHandler - ERROR - getMessageItem: org.apache.thrift.transport.TTransportException: java.net.ConnectException: Connection refused
2014-01-10 09:19:54,113 - middleware.backend.BackEndHandler - ERROR - getMessageIdList: org.apache.thrift.transport.TTransportException: java.net.ConnectException: Connection refused
2014-01-10 09:19:54,114 - middleware.frontend.ConnectionChatHandler - ERROR - listMsgID null: java.lang.NullPointerException: Can't serialize null
2014-01-10 09:23:11,888 - middleware.backend.BackEndHandler - ERROR - getMessageItem: org.apache.thrift.transport.TTransportException: java.net.ConnectException: Connection refused
2014-01-10 09:27:30,621 - middleware.backend.BackEndHandler - ERROR - getMessageIdList: org.apache.thrift.transport.TTransportException: java.net.ConnectException: Connection refused
2014-01-10 09:29:28,028 - middleware.backend.BackEndHandler - ERROR - getMessageIdList: org.apache.thrift.transport.TTransportException: java.net.ConnectException: Connection refused
2014-01-10 09:34:03,209 - middleware.backend.BackEndHandler - ERROR - getMessageIdList: org.apache.thrift.transport.TTransportException: java.net.ConnectException: Connection refused
2014-01-10 09:36:41,510 - middleware.backend.BackEndHandler - ERROR - getMessageIdList: org.apache.thrift.transport.TTransportException: java.net.ConnectException: Connection refused
2014-01-10 12:55:48,956 - middleware.backend.BackEndHandler - ERROR - getMessageIdList: org.apache.thrift.transport.TTransportException: java.net.ConnectException: Connection refused
2014-01-10 12:55:53,993 - middleware.backend.BackEndHandler - ERROR - getMessageIdList: org.apache.thrift.transport.TTransportException: java.net.ConnectException: Connection refused
2014-01-10 13:31:27,750 - middleware.backend.BackEndHandler - ERROR - getMessageIdList: org.apache.thrift.transport.TTransportException: java.net.ConnectException: Connection refused
2014-01-10 14:08:51,514 - middleware.backend.BackEndHandler - ERROR - getMessageIdList: org.apache.thrift.transport.TTransportException: java.net.ConnectException: Connection refused
2014-01-10 14:08:52,841 - middleware.backend.BackEndHandler - ERROR - getMessageIdList: org.apache.thrift.transport.TTransportException: java.net.ConnectException: Connection refused
2014-01-10 14:11:46,348 - middleware.backend.BackEndHandler - ERROR - getMessageIdList: org.apache.thrift.transport.TTransportException: java.net.ConnectException: Connection refused
2014-01-10 14:11:46,647 - middleware.backend.BackEndHandler - ERROR - getMessageIdList: org.apache.thrift.transport.TTransportException: java.net.ConnectException: Connection refused
2014-01-10 14:43:13,410 - middleware.backend.BackEndHandler - ERROR - getMessageIdList: org.apache.thrift.transport.TTransportException: java.net.ConnectException: Connection refused
2014-01-10 14:43:13,986 - middleware.backend.BackEndHandler - ERROR - getMessageIdList: org.apache.thrift.transport.TTransportException: java.net.ConnectException: Connection refused
2014-01-10 14:43:14,425 - middleware.backend.BackEndHandler - ERROR - getMessageIdList: org.apache.thrift.transport.TTransportException: java.net.ConnectException: Connection refused
2014-01-10 15:20:49,126 - middleware.backend.BackEndHandler - ERROR - getMessageIdList: org.apache.thrift.transport.TTransportException: java.net.ConnectException: Connection refused
2014-01-10 15:22:53,038 - middleware.backend.BackEndHandler - ERROR - getMessageIdList: org.apache.thrift.transport.TTransportException: java.net.ConnectException: Connection refused
2014-01-10 15:23:24,686 - middleware.backend.BackEndHandler - ERROR - getMessageIdList: org.apache.thrift.transport.TTransportException: java.net.ConnectException: Connection refused
2014-01-10 15:25:42,910 - middleware.backend.BackEndHandler - ERROR - getMessageIdList: org.apache.thrift.transport.TTransportException: java.net.ConnectException: Connection refused
2014-01-10 15:26:18,307 - middleware.backend.BackEndHandler - ERROR - getMessageIdList: org.apache.thrift.transport.TTransportException: java.net.ConnectException: Connection refused
2014-01-10 15:26:19,011 - middleware.backend.BackEndHandler - ERROR - getMessageIdList: org.apache.thrift.transport.TTransportException: java.net.ConnectException: Connection refused
2014-01-10 15:28:04,642 - middleware.backend.BackEndHandler - ERROR - getMessageIdList: org.apache.thrift.transport.TTransportException: java.net.ConnectException: Connection refused
2014-01-10 15:34:24,454 - middleware.backend.BackEndHandler - ERROR - getMessageIdList: org.apache.thrift.transport.TTransportException: java.net.ConnectException: Connection refused
2014-01-10 15:34:24,999 - middleware.backend.BackEndHandler - ERROR - getMessageIdList: org.apache.thrift.transport.TTransportException: java.net.ConnectException: Connection refused
2014-01-10 15:34:25,430 - middleware.backend.BackEndHandler - ERROR - getMessageIdList: org.apache.thrift.transport.TTransportException: java.net.ConnectException: Connection refused
2014-01-10 15:34:26,240 - middleware.backend.BackEndHandler - ERROR - getMessageIdList: org.apache.thrift.transport.TTransportException: java.net.ConnectException: Connection refused
2014-01-10 15:45:59,899 - middleware.backend.BackEndHandler - ERROR - getMessageIdList: org.apache.thrift.transport.TTransportException: java.net.ConnectException: Connection refused
2014-01-10 15:48:03,475 - middleware.backend.BackEndHandler - ERROR - getMessageIdList: org.apache.thrift.transport.TTransportException: java.net.ConnectException: Connection refused
2014-01-10 15:48:44,978 - middleware.backend.BackEndHandler - ERROR - getMessageIdList: org.apache.thrift.transport.TTransportException: java.net.ConnectException: Connection refused
2014-01-10 15:49:33,310 - middleware.backend.BackEndHandler - ERROR - getMessageIdList: org.apache.thrift.transport.TTransportException: java.net.ConnectException: Connection refused
2014-01-10 15:49:34,204 - middleware.backend.BackEndHandler - ERROR - getMessageIdList: org.apache.thrift.transport.TTransportException: java.net.ConnectException: Connection refused
2014-01-10 15:49:34,757 - middleware.backend.BackEndHandler - ERROR - getMessageIdList: org.apache.thrift.transport.TTransportException: java.net.ConnectException: Connection refused
2014-01-10 15:50:01,263 - middleware.backend.BackEndHandler - ERROR - getMessageIdList: org.apache.thrift.transport.TTransportException: java.net.ConnectException: Connection refused
2014-01-10 15:50:01,726 - middleware.backend.BackEndHandler - ERROR - getMessageIdList: org.apache.thrift.transport.TTransportException: java.net.ConnectException: Connection refused
2014-01-10 15:50:02,655 - middleware.backend.BackEndHandler - ERROR - getMessageIdList: org.apache.thrift.transport.TTransportException: java.net.ConnectException: Connection refused
2014-01-10 15:54:16,509 - middleware.backend.BackEndHandler - ERROR - getMessageIdList: org.apache.thrift.transport.TTransportException: java.net.ConnectException: Connection refused
2014-01-10 15:57:40,251 - middleware.backend.BackEndHandler - ERROR - getMessageIdList: org.apache.thrift.transport.TTransportException: java.net.ConnectException: Connection refused
2014-01-10 15:57:47,522 - middleware.backend.BackEndHandler - ERROR - getMessageIdList: org.apache.thrift.transport.TTransportException: java.net.ConnectException: Connection refused
2014-01-10 15:59:24,743 - middleware.backend.BackEndHandler - ERROR - getMessageIdList: org.apache.thrift.transport.TTransportException: java.net.ConnectException: Connection refused
2014-01-10 15:59:53,019 - middleware.backend.BackEndHandler - ERROR - getMessageIdList: org.apache.thrift.transport.TTransportException: java.net.ConnectException: Connection refused
2014-01-10 16:04:12,664 - middleware.backend.BackEndHandler - ERROR - getMessageIdList: org.apache.thrift.transport.TTransportException: java.net.ConnectException: Connection refused
2014-01-10 16:20:23,417 - middleware.backend.BackEndHandler - ERROR - getMessageIdList: org.apache.thrift.transport.TTransportException: java.net.ConnectException: Connection refused
2014-01-10 16:20:23,911 - middleware.backend.BackEndHandler - ERROR - getMessageIdList: org.apache.thrift.transport.TTransportException: java.net.ConnectException: Connection refused
2014-01-10 16:28:27,553 - middleware.backend.BackEndHandler - ERROR - getMessageIdList: org.apache.thrift.transport.TTransportException: java.net.ConnectException: Connection refused
2014-01-10 16:28:28,440 - middleware.backend.BackEndHandler - ERROR - getMessageIdList: org.apache.thrift.transport.TTransportException: java.net.ConnectException: Connection refused
2014-01-10 16:28:29,189 - middleware.backend.BackEndHandler - ERROR - getMessageIdList: org.apache.thrift.transport.TTransportException: java.net.ConnectException: Connection refused
2014-01-10 16:28:30,813 - middleware.backend.BackEndHandler - ERROR - getMessageIdList: org.apache.thrift.transport.TTransportException: java.net.ConnectException: Connection refused
2014-01-10 16:28:32,055 - middleware.backend.BackEndHandler - ERROR - getMessageIdList: org.apache.thrift.transport.TTransportException: java.net.ConnectException: Connection refused
2014-01-10 16:28:32,564 - middleware.backend.BackEndHandler - ERROR - getMessageIdList: org.apache.thrift.transport.TTransportException: java.net.ConnectException: Connection refused
2014-01-10 16:28:33,615 - middleware.backend.BackEndHandler - ERROR - getMessageIdList: org.apache.thrift.transport.TTransportException: java.net.ConnectException: Connection refused
2014-01-10 16:28:37,182 - middleware.backend.BackEndHandler - ERROR - getMessageIdList: org.apache.thrift.transport.TTransportException: java.net.ConnectException: Connection refused
2014-01-10 16:38:30,364 - middleware.backend.BackEndHandler - ERROR - getMessageIdList: org.apache.thrift.transport.TTransportException: java.net.ConnectException: Connection refused
2014-01-10 16:38:33,606 - middleware.backend.BackEndHandler - ERROR - getMessageIdList: org.apache.thrift.transport.TTransportException: java.net.ConnectException: Connection refused
2014-01-10 16:38:34,075 - middleware.backend.BackEndHandler - ERROR - getMessageIdList: org.apache.thrift.transport.TTransportException: java.net.ConnectException: Connection refused
2014-01-10 16:38:34,531 - middleware.backend.BackEndHandler - ERROR - getMessageIdList: org.apache.thrift.transport.TTransportException: java.net.ConnectException: Connection refused
2014-01-10 22:49:48,938 - middleware.backend.BackEndHandler - ERROR - getMessageIdList: org.apache.thrift.transport.TTransportException: java.net.ConnectException: Connection refused
2014-01-10 22:49:49,616 - middleware.backend.BackEndHandler - ERROR - getMessageIdList: org.apache.thrift.transport.TTransportException: java.net.ConnectException: Connection refused
2014-01-10 22:49:50,056 - middleware.backend.BackEndHandler - ERROR - getMessageIdList: org.apache.thrift.transport.TTransportException: java.net.ConnectException: Connection refused
2014-01-10 22:49:50,930 - middleware.backend.BackEndHandler - ERROR - getMessageIdList: org.apache.thrift.transport.TTransportException: java.net.ConnectException: Connection refused
2014-01-10 23:27:41,939 - middleware.backend.BackEndHandler - ERROR - getMessageIdList: org.apache.thrift.transport.TTransportException: java.net.ConnectException: Connection refused
2014-01-10 23:27:42,445 - middleware.backend.BackEndHandler - ERROR - getMessageIdList: org.apache.thrift.transport.TTransportException: java.net.ConnectException: Connection refused
2014-01-10 23:27:43,077 - middleware.backend.BackEndHandler - ERROR - getMessageIdList: org.apache.thrift.transport.TTransportException: java.net.ConnectException: Connection refused
2014-01-10 23:27:43,933 - middleware.backend.BackEndHandler - ERROR - getMessageIdList: org.apache.thrift.transport.TTransportException: java.net.ConnectException: Connection refused
2014-01-10 23:27:44,412 - middleware.backend.BackEndHandler - ERROR - getMessageIdList: org.apache.thrift.transport.TTransportException: java.net.ConnectException: Connection refused
2014-01-12 17:10:20,946 - middleware.frontend.ConnectionChatHandler - ERROR - isLogin:java.lang.NullPointerException
2014-01-12 17:10:35,979 - middleware.frontend.ConnectionChatHandler - ERROR - isLogin:java.lang.NullPointerException
2014-01-12 17:10:50,841 - middleware.frontend.ConnectionChatHandler - ERROR - isLogin:java.lang.NullPointerException
2014-01-12 17:12:22,753 - middleware.frontend.ConnectionChatHandler - ERROR - isLogin:java.lang.NullPointerException
2014-01-12 17:12:25,015 - middleware.frontend.ConnectionChatHandler - ERROR - isLogin:java.lang.NullPointerException
2014-01-12 17:12:25,199 - middleware.frontend.ConnectionChatHandler - ERROR - isLogin:java.lang.NullPointerException
2014-01-12 17:12:25,384 - middleware.frontend.ConnectionChatHandler - ERROR - isLogin:java.lang.NullPointerException
2014-01-12 21:28:46,148 - middleware.backend.BackEndHandler - ERROR - loadAllEmotion: org.apache.thrift.transport.TTransportException: java.net.ConnectException: Connection refused
2014-01-12 21:28:46,153 - middleware.backend.BackEndHandler - ERROR - loadAllEmotion: org.apache.thrift.transport.TTransportException: java.net.ConnectException: Connection refused
2014-01-12 21:33:27,100 - middleware.backend.BackEndHandler - ERROR - loadAllEmotion: org.apache.thrift.transport.TTransportException: java.net.ConnectException: Connection refused
2014-01-12 21:33:27,106 - middleware.backend.BackEndHandler - ERROR - loadAllEmotion: org.apache.thrift.transport.TTransportException: java.net.ConnectException: Connection refused
2014-01-12 21:35:23,903 - middleware.backend.BackEndHandler - ERROR - loadAllEmotion: org.apache.thrift.transport.TTransportException: java.net.ConnectException: Connection refused
2014-01-12 21:35:23,906 - middleware.backend.BackEndHandler - ERROR - loadAllEmotion: org.apache.thrift.transport.TTransportException: java.net.ConnectException: Connection refused
2014-01-12 21:40:24,925 - middleware.backend.BackEndHandler - ERROR - loadAllEmotion: org.apache.thrift.transport.TTransportException: java.net.ConnectException: Connection refused
2014-01-12 21:40:24,931 - middleware.backend.BackEndHandler - ERROR - loadAllEmotion: org.apache.thrift.transport.TTransportException: java.net.ConnectException: Connection refused
2014-01-12 21:41:06,277 - middleware.backend.BackEndHandler - ERROR - loadAllEmotion: org.apache.thrift.transport.TTransportException: java.net.ConnectException: Connection refused
2014-01-12 21:41:06,283 - middleware.backend.BackEndHandler - ERROR - loadAllEmotion: org.apache.thrift.transport.TTransportException: java.net.ConnectException: Connection refused
2014-01-12 21:41:22,046 - middleware.backend.BackEndHandler - ERROR - loadAllEmotion: org.apache.thrift.transport.TTransportException: java.net.ConnectException: Connection refused
2014-01-12 21:41:22,047 - middleware.backend.BackEndHandler - ERROR - loadAllEmotion: org.apache.thrift.transport.TTransportException: java.net.ConnectException: Connection refused
2014-01-13 13:28:56,369 - middleware.frontend.ConnectionChatHandler - ERROR - isLogin:java.lang.NullPointerException
2014-01-13 14:33:07,251 - middleware.backend.BackEndHandler - ERROR - loadAllEmotion: org.apache.thrift.transport.TTransportException: java.net.ConnectException: Connection refused
2014-01-13 14:33:07,279 - middleware.backend.BackEndHandler - ERROR - loadAllEmotion: org.apache.thrift.transport.TTransportException: java.net.ConnectException: Connection refused
2014-01-13 14:33:08,715 - middleware.backend.BackEndHandler - ERROR - loadAllEmotion: org.apache.thrift.transport.TTransportException: java.net.ConnectException: Connection refused
2014-01-13 14:33:08,723 - middleware.backend.BackEndHandler - ERROR - loadAllEmotion: org.apache.thrift.transport.TTransportException: java.net.ConnectException: Connection refused
2014-01-13 14:33:12,889 - middleware.backend.BackEndHandler - ERROR - loadAllEmotion: org.apache.thrift.transport.TTransportException: java.net.ConnectException: Connection refused
2014-01-13 14:33:12,896 - middleware.backend.BackEndHandler - ERROR - loadAllEmotion: org.apache.thrift.transport.TTransportException: java.net.ConnectException: Connection refused
2014-01-13 14:33:15,930 - middleware.backend.BackEndHandler - ERROR - getMessageItem: org.apache.thrift.transport.TTransportException: java.net.ConnectException: Connection refused
2014-01-13 14:33:15,936 - middleware.backend.BackEndHandler - ERROR - getMessageItem: org.apache.thrift.transport.TTransportException: java.net.ConnectException: Connection refused
2014-01-13 14:33:15,938 - middleware.backend.BackEndHandler - ERROR - getMessageItem: org.apache.thrift.transport.TTransportException: java.net.ConnectException: Connection refused
